# Métodos que tiveram performance otimizada na evolução
-1 
2
/branches/producao/Arquitetura/src/br/ufrn/arq/util/UFRNUtils.java
2
checkRole 1340 1350
44
Autor:cooperacao
Linha:1340
Revisão:154817
Data:Mon Oct 07 14:33:27 GMT-03:00 2013
Autor:cooperacao
Linha:1341
Revisão:154817
Data:Mon Oct 07 14:33:27 GMT-03:00 2013
Autor:cooperacao
Linha:1342
Revisão:154817
Data:Mon Oct 07 14:33:27 GMT-03:00 2013
Autor:cooperacao
Linha:1343
Revisão:154817
Data:Mon Oct 07 14:33:27 GMT-03:00 2013
Autor:cooperacao
Linha:1344
Revisão:154817
Data:Mon Oct 07 14:33:27 GMT-03:00 2013
Autor:cooperacao
Linha:1345
Revisão:154817
Data:Mon Oct 07 14:33:27 GMT-03:00 2013
Autor:cooperacao
Linha:1346
Revisão:154817
Data:Mon Oct 07 14:33:27 GMT-03:00 2013
Autor:cooperacao
Linha:1347
Revisão:154817
Data:Mon Oct 07 14:33:27 GMT-03:00 2013
Autor:cooperacao
Linha:1348
Revisão:154817
Data:Mon Oct 07 14:33:27 GMT-03:00 2013
Autor:cooperacao
Linha:1349
Revisão:154817
Data:Mon Oct 07 14:33:27 GMT-03:00 2013
Autor:cooperacao
Linha:1350
Revisão:154817
Data:Mon Oct 07 14:33:27 GMT-03:00 2013
Autor:cooperacao
Linha:1352
Revisão:154817
Data:Mon Oct 07 14:33:27 GMT-03:00 2013
Autor:cooperacao
Linha:1353
Revisão:154817
Data:Mon Oct 07 14:33:27 GMT-03:00 2013
Autor:cooperacao
Linha:1354
Revisão:154817
Data:Mon Oct 07 14:33:27 GMT-03:00 2013
Autor:cooperacao
Linha:1355
Revisão:154817
Data:Mon Oct 07 14:33:27 GMT-03:00 2013
Autor:cooperacao
Linha:1356
Revisão:154817
Data:Mon Oct 07 14:33:27 GMT-03:00 2013
Autor:cooperacao
Linha:1357
Revisão:154817
Data:Mon Oct 07 14:33:27 GMT-03:00 2013
Autor:cooperacao
Linha:1358
Revisão:154817
Data:Mon Oct 07 14:33:27 GMT-03:00 2013
Autor:cooperacao
Linha:1359
Revisão:154817
Data:Mon Oct 07 14:33:27 GMT-03:00 2013
Autor:cooperacao
Linha:1360
Revisão:154817
Data:Mon Oct 07 14:33:27 GMT-03:00 2013
Autor:cooperacao
Linha:1361
Revisão:154817
Data:Mon Oct 07 14:33:27 GMT-03:00 2013
Autor:cooperacao
Linha:1362
Revisão:154817
Data:Mon Oct 07 14:33:27 GMT-03:00 2013
Autor:cooperacao
Linha:1363
Revisão:154817
Data:Mon Oct 07 14:33:27 GMT-03:00 2013
Autor:cooperacao
Linha:1364
Revisão:154817
Data:Mon Oct 07 14:33:27 GMT-03:00 2013
Autor:cooperacao
Linha:1365
Revisão:154817
Data:Mon Oct 07 14:33:27 GMT-03:00 2013
Autor:cooperacao
Linha:1366
Revisão:154817
Data:Mon Oct 07 14:33:27 GMT-03:00 2013
Autor:cooperacao
Linha:1367
Revisão:154817
Data:Mon Oct 07 14:33:27 GMT-03:00 2013
Autor:cooperacao
Linha:1368
Revisão:154817
Data:Mon Oct 07 14:33:27 GMT-03:00 2013
Autor:cooperacao
Linha:1369
Revisão:154817
Data:Mon Oct 07 14:33:27 GMT-03:00 2013
Autor:cooperacao
Linha:1370
Revisão:154817
Data:Mon Oct 07 14:33:27 GMT-03:00 2013
Autor:cooperacao
Linha:1371
Revisão:154817
Data:Mon Oct 07 14:33:27 GMT-03:00 2013
Autor:cooperacao
Linha:1372
Revisão:154817
Data:Mon Oct 07 14:33:27 GMT-03:00 2013
Autor:cooperacao
Linha:1373
Revisão:154817
Data:Mon Oct 07 14:33:27 GMT-03:00 2013
Autor:cooperacao
Linha:1374
Revisão:154817
Data:Mon Oct 07 14:33:27 GMT-03:00 2013
Autor:cooperacao
Linha:1375
Revisão:154817
Data:Mon Oct 07 14:33:27 GMT-03:00 2013
Autor:cooperacao
Linha:1376
Revisão:154817
Data:Mon Oct 07 14:33:27 GMT-03:00 2013
Autor:cooperacao
Linha:1377
Revisão:154817
Data:Mon Oct 07 14:33:27 GMT-03:00 2013
Autor:cooperacao
Linha:1378
Revisão:154817
Data:Mon Oct 07 14:33:27 GMT-03:00 2013
Autor:cooperacao
Linha:1379
Revisão:154817
Data:Mon Oct 07 14:33:27 GMT-03:00 2013
Autor:cooperacao
Linha:1380
Revisão:154817
Data:Mon Oct 07 14:33:27 GMT-03:00 2013
Autor:cooperacao
Linha:1381
Revisão:154817
Data:Mon Oct 07 14:33:27 GMT-03:00 2013
Autor:cooperacao
Linha:1382
Revisão:154817
Data:Mon Oct 07 14:33:27 GMT-03:00 2013
Autor:cooperacao
Linha:1383
Revisão:154817
Data:Mon Oct 07 14:33:27 GMT-03:00 2013
Autor:cooperacao
Linha:1384
Revisão:154817
Data:Mon Oct 07 14:33:27 GMT-03:00 2013
getMensagem 1523 1538
16
Autor:cooperacao
Linha:1523
Revisão:154817
Data:Mon Oct 07 14:33:27 GMT-03:00 2013
Autor:cooperacao
Linha:1524
Revisão:154817
Data:Mon Oct 07 14:33:27 GMT-03:00 2013
Autor:cooperacao
Linha:1525
Revisão:154817
Data:Mon Oct 07 14:33:27 GMT-03:00 2013
Autor:cooperacao
Linha:1526
Revisão:154817
Data:Mon Oct 07 14:33:27 GMT-03:00 2013
Autor:cooperacao
Linha:1527
Revisão:154817
Data:Mon Oct 07 14:33:27 GMT-03:00 2013
Autor:cooperacao
Linha:1528
Revisão:154817
Data:Mon Oct 07 14:33:27 GMT-03:00 2013
Autor:cooperacao
Linha:1529
Revisão:154817
Data:Mon Oct 07 14:33:27 GMT-03:00 2013
Autor:cooperacao
Linha:1530
Revisão:154817
Data:Mon Oct 07 14:33:27 GMT-03:00 2013
Autor:cooperacao
Linha:1531
Revisão:154817
Data:Mon Oct 07 14:33:27 GMT-03:00 2013
Autor:cooperacao
Linha:1532
Revisão:154817
Data:Mon Oct 07 14:33:27 GMT-03:00 2013
Autor:cooperacao
Linha:1533
Revisão:154817
Data:Mon Oct 07 14:33:27 GMT-03:00 2013
Autor:cooperacao
Linha:1534
Revisão:154817
Data:Mon Oct 07 14:33:27 GMT-03:00 2013
Autor:cooperacao
Linha:1535
Revisão:154817
Data:Mon Oct 07 14:33:27 GMT-03:00 2013
Autor:cooperacao
Linha:1536
Revisão:154817
Data:Mon Oct 07 14:33:27 GMT-03:00 2013
Autor:cooperacao
Linha:1537
Revisão:154817
Data:Mon Oct 07 14:33:27 GMT-03:00 2013
Autor:cooperacao
Linha:1538
Revisão:154817
Data:Mon Oct 07 14:33:27 GMT-03:00 2013
/branches/producao/SIGAA/geral/br/ufrn/sigaa/dominio/Curso.java
1
setNome 380 387
3
Autor:cooperacao
Linha:380
Revisão:154040
Data:Wed Sep 18 16:58:04 GMT-03:00 2013
Autor:cooperacao
Linha:381
Revisão:154040
Data:Wed Sep 18 16:58:04 GMT-03:00 2013
Autor:cooperacao
Linha:382
Revisão:154040
Data:Wed Sep 18 16:58:04 GMT-03:00 2013
2
ERRO REQ. NÃO FUNCIONAL:1
APRIMORAMENTO:2
0
2
ERRO REQ. NÃO FUNCIONAL
2
calculaProximoDiaUtilInterrupcao
geraProrrogacoesEmprestimo
APRIMORAMENTO
2
getDiasUteisEntreDatasArrendondado
calculoDiasArredondado
0
