# Métodos que foram executados nas duas versões
-1 100567 121564 120518 
7
/branches/producao/SIGAA/biblioteca/br/ufrn/sigaa/biblioteca/circulacao/negocio/ProcessadorRenovaEmprestimo.java
1
execute 63 220
9
Autor:cooperacao
Linha:126
Revisão:149372
Data:Tue May 21 15:03:51 GMT-03:00 2013
Autor:cooperacao
Linha:156
Revisão:154370
Data:Wed Sep 25 08:52:12 GMT-03:00 2013
Id:11123743
IdTipo:44
Número:120518
TipoDenomicação:ERRO REQ. NÃO FUNCIONAL
Autor:cooperacao
Linha:157
Revisão:154370
Data:Wed Sep 25 08:52:12 GMT-03:00 2013
Id:11123743
IdTipo:44
Número:120518
TipoDenomicação:ERRO REQ. NÃO FUNCIONAL
Autor:cooperacao
Linha:158
Revisão:154370
Data:Wed Sep 25 08:52:12 GMT-03:00 2013
Id:11123743
IdTipo:44
Número:120518
TipoDenomicação:ERRO REQ. NÃO FUNCIONAL
Autor:cooperacao
Linha:159
Revisão:154370
Data:Wed Sep 25 08:52:12 GMT-03:00 2013
Id:11123743
IdTipo:44
Número:120518
TipoDenomicação:ERRO REQ. NÃO FUNCIONAL
Autor:cooperacao
Linha:160
Revisão:154370
Data:Wed Sep 25 08:52:12 GMT-03:00 2013
Id:11123743
IdTipo:44
Número:120518
TipoDenomicação:ERRO REQ. NÃO FUNCIONAL
Autor:cooperacao
Linha:161
Revisão:154370
Data:Wed Sep 25 08:52:12 GMT-03:00 2013
Id:11123743
IdTipo:44
Número:120518
TipoDenomicação:ERRO REQ. NÃO FUNCIONAL
Autor:cooperacao
Linha:162
Revisão:154370
Data:Wed Sep 25 08:52:12 GMT-03:00 2013
Id:11123743
IdTipo:44
Número:120518
TipoDenomicação:ERRO REQ. NÃO FUNCIONAL
Autor:cooperacao
Linha:163
Revisão:154370
Data:Wed Sep 25 08:52:12 GMT-03:00 2013
Id:11123743
IdTipo:44
Número:120518
TipoDenomicação:ERRO REQ. NÃO FUNCIONAL
/branches/producao/Arquitetura/src/br/ufrn/arq/util/UFRNUtils.java
5
gerarStringIn 753 774
111
Autor:cooperacao
Linha:753
Revisão:154817
Data:Mon Oct 07 14:33:27 GMT-03:00 2013
Autor:cooperacao
Linha:754
Revisão:154817
Data:Mon Oct 07 14:33:27 GMT-03:00 2013
Autor:cooperacao
Linha:755
Revisão:154817
Data:Mon Oct 07 14:33:27 GMT-03:00 2013
Autor:cooperacao
Linha:756
Revisão:154817
Data:Mon Oct 07 14:33:27 GMT-03:00 2013
Autor:cooperacao
Linha:757
Revisão:154817
Data:Mon Oct 07 14:33:27 GMT-03:00 2013
Autor:cooperacao
Linha:758
Revisão:154817
Data:Mon Oct 07 14:33:27 GMT-03:00 2013
Autor:cooperacao
Linha:759
Revisão:154817
Data:Mon Oct 07 14:33:27 GMT-03:00 2013
Autor:cooperacao
Linha:760
Revisão:154817
Data:Mon Oct 07 14:33:27 GMT-03:00 2013
Autor:cooperacao
Linha:761
Revisão:154817
Data:Mon Oct 07 14:33:27 GMT-03:00 2013
Autor:cooperacao
Linha:762
Revisão:154817
Data:Mon Oct 07 14:33:27 GMT-03:00 2013
Autor:cooperacao
Linha:763
Revisão:154817
Data:Mon Oct 07 14:33:27 GMT-03:00 2013
Autor:cooperacao
Linha:764
Revisão:154817
Data:Mon Oct 07 14:33:27 GMT-03:00 2013
Autor:cooperacao
Linha:765
Revisão:154817
Data:Mon Oct 07 14:33:27 GMT-03:00 2013
Autor:cooperacao
Linha:766
Revisão:154817
Data:Mon Oct 07 14:33:27 GMT-03:00 2013
Autor:cooperacao
Linha:767
Revisão:154817
Data:Mon Oct 07 14:33:27 GMT-03:00 2013
Autor:cooperacao
Linha:768
Revisão:154817
Data:Mon Oct 07 14:33:27 GMT-03:00 2013
Autor:cooperacao
Linha:769
Revisão:154817
Data:Mon Oct 07 14:33:27 GMT-03:00 2013
Autor:cooperacao
Linha:770
Revisão:154817
Data:Mon Oct 07 14:33:27 GMT-03:00 2013
Autor:cooperacao
Linha:771
Revisão:154817
Data:Mon Oct 07 14:33:27 GMT-03:00 2013
Autor:cooperacao
Linha:772
Revisão:154817
Data:Mon Oct 07 14:33:27 GMT-03:00 2013
Autor:cooperacao
Linha:773
Revisão:154817
Data:Mon Oct 07 14:33:27 GMT-03:00 2013
Autor:cooperacao
Linha:774
Revisão:154817
Data:Mon Oct 07 14:33:27 GMT-03:00 2013
Autor:cooperacao
Linha:776
Revisão:154817
Data:Mon Oct 07 14:33:27 GMT-03:00 2013
Autor:cooperacao
Linha:777
Revisão:154817
Data:Mon Oct 07 14:33:27 GMT-03:00 2013
Autor:cooperacao
Linha:778
Revisão:154817
Data:Mon Oct 07 14:33:27 GMT-03:00 2013
Autor:cooperacao
Linha:779
Revisão:154817
Data:Mon Oct 07 14:33:27 GMT-03:00 2013
Autor:cooperacao
Linha:780
Revisão:154817
Data:Mon Oct 07 14:33:27 GMT-03:00 2013
Autor:cooperacao
Linha:781
Revisão:154817
Data:Mon Oct 07 14:33:27 GMT-03:00 2013
Autor:cooperacao
Linha:782
Revisão:154817
Data:Mon Oct 07 14:33:27 GMT-03:00 2013
Autor:cooperacao
Linha:783
Revisão:154817
Data:Mon Oct 07 14:33:27 GMT-03:00 2013
Autor:cooperacao
Linha:784
Revisão:154817
Data:Mon Oct 07 14:33:27 GMT-03:00 2013
Autor:cooperacao
Linha:785
Revisão:154817
Data:Mon Oct 07 14:33:27 GMT-03:00 2013
Autor:cooperacao
Linha:786
Revisão:154817
Data:Mon Oct 07 14:33:27 GMT-03:00 2013
Autor:cooperacao
Linha:787
Revisão:154817
Data:Mon Oct 07 14:33:27 GMT-03:00 2013
Autor:cooperacao
Linha:788
Revisão:154817
Data:Mon Oct 07 14:33:27 GMT-03:00 2013
Autor:cooperacao
Linha:789
Revisão:154817
Data:Mon Oct 07 14:33:27 GMT-03:00 2013
Autor:cooperacao
Linha:790
Revisão:154817
Data:Mon Oct 07 14:33:27 GMT-03:00 2013
Autor:cooperacao
Linha:791
Revisão:154817
Data:Mon Oct 07 14:33:27 GMT-03:00 2013
Autor:cooperacao
Linha:792
Revisão:154817
Data:Mon Oct 07 14:33:27 GMT-03:00 2013
Autor:cooperacao
Linha:793
Revisão:154817
Data:Mon Oct 07 14:33:27 GMT-03:00 2013
Autor:cooperacao
Linha:794
Revisão:154817
Data:Mon Oct 07 14:33:27 GMT-03:00 2013
Autor:cooperacao
Linha:795
Revisão:154817
Data:Mon Oct 07 14:33:27 GMT-03:00 2013
Autor:cooperacao
Linha:796
Revisão:154817
Data:Mon Oct 07 14:33:27 GMT-03:00 2013
Autor:cooperacao
Linha:797
Revisão:154817
Data:Mon Oct 07 14:33:27 GMT-03:00 2013
Autor:cooperacao
Linha:799
Revisão:154817
Data:Mon Oct 07 14:33:27 GMT-03:00 2013
Autor:cooperacao
Linha:800
Revisão:154817
Data:Mon Oct 07 14:33:27 GMT-03:00 2013
Autor:cooperacao
Linha:801
Revisão:154817
Data:Mon Oct 07 14:33:27 GMT-03:00 2013
Autor:cooperacao
Linha:802
Revisão:154817
Data:Mon Oct 07 14:33:27 GMT-03:00 2013
Autor:cooperacao
Linha:803
Revisão:154817
Data:Mon Oct 07 14:33:27 GMT-03:00 2013
Autor:cooperacao
Linha:804
Revisão:154817
Data:Mon Oct 07 14:33:27 GMT-03:00 2013
Autor:cooperacao
Linha:805
Revisão:154817
Data:Mon Oct 07 14:33:27 GMT-03:00 2013
Autor:cooperacao
Linha:806
Revisão:154817
Data:Mon Oct 07 14:33:27 GMT-03:00 2013
Autor:cooperacao
Linha:807
Revisão:154817
Data:Mon Oct 07 14:33:27 GMT-03:00 2013
Autor:cooperacao
Linha:808
Revisão:154817
Data:Mon Oct 07 14:33:27 GMT-03:00 2013
Autor:cooperacao
Linha:809
Revisão:154817
Data:Mon Oct 07 14:33:27 GMT-03:00 2013
Autor:cooperacao
Linha:810
Revisão:154817
Data:Mon Oct 07 14:33:27 GMT-03:00 2013
Autor:cooperacao
Linha:811
Revisão:154817
Data:Mon Oct 07 14:33:27 GMT-03:00 2013
Autor:cooperacao
Linha:812
Revisão:154817
Data:Mon Oct 07 14:33:27 GMT-03:00 2013
Autor:cooperacao
Linha:813
Revisão:154817
Data:Mon Oct 07 14:33:27 GMT-03:00 2013
Autor:cooperacao
Linha:814
Revisão:154817
Data:Mon Oct 07 14:33:27 GMT-03:00 2013
Autor:cooperacao
Linha:815
Revisão:154817
Data:Mon Oct 07 14:33:27 GMT-03:00 2013
Autor:cooperacao
Linha:816
Revisão:154817
Data:Mon Oct 07 14:33:27 GMT-03:00 2013
Autor:cooperacao
Linha:817
Revisão:154817
Data:Mon Oct 07 14:33:27 GMT-03:00 2013
Autor:cooperacao
Linha:818
Revisão:154817
Data:Mon Oct 07 14:33:27 GMT-03:00 2013
Autor:cooperacao
Linha:819
Revisão:154817
Data:Mon Oct 07 14:33:27 GMT-03:00 2013
Autor:cooperacao
Linha:820
Revisão:154817
Data:Mon Oct 07 14:33:27 GMT-03:00 2013
Autor:cooperacao
Linha:821
Revisão:154817
Data:Mon Oct 07 14:33:27 GMT-03:00 2013
Autor:cooperacao
Linha:822
Revisão:154817
Data:Mon Oct 07 14:33:27 GMT-03:00 2013
Autor:cooperacao
Linha:823
Revisão:154817
Data:Mon Oct 07 14:33:27 GMT-03:00 2013
Autor:cooperacao
Linha:824
Revisão:154817
Data:Mon Oct 07 14:33:27 GMT-03:00 2013
Autor:cooperacao
Linha:825
Revisão:154817
Data:Mon Oct 07 14:33:27 GMT-03:00 2013
Autor:cooperacao
Linha:826
Revisão:154817
Data:Mon Oct 07 14:33:27 GMT-03:00 2013
Autor:cooperacao
Linha:827
Revisão:154817
Data:Mon Oct 07 14:33:27 GMT-03:00 2013
Autor:cooperacao
Linha:828
Revisão:154817
Data:Mon Oct 07 14:33:27 GMT-03:00 2013
Autor:cooperacao
Linha:829
Revisão:154817
Data:Mon Oct 07 14:33:27 GMT-03:00 2013
Autor:cooperacao
Linha:830
Revisão:154817
Data:Mon Oct 07 14:33:27 GMT-03:00 2013
Autor:cooperacao
Linha:832
Revisão:154817
Data:Mon Oct 07 14:33:27 GMT-03:00 2013
Autor:cooperacao
Linha:833
Revisão:154817
Data:Mon Oct 07 14:33:27 GMT-03:00 2013
Autor:cooperacao
Linha:834
Revisão:154817
Data:Mon Oct 07 14:33:27 GMT-03:00 2013
Autor:cooperacao
Linha:835
Revisão:154817
Data:Mon Oct 07 14:33:27 GMT-03:00 2013
Autor:cooperacao
Linha:836
Revisão:154817
Data:Mon Oct 07 14:33:27 GMT-03:00 2013
Autor:cooperacao
Linha:837
Revisão:154817
Data:Mon Oct 07 14:33:27 GMT-03:00 2013
Autor:cooperacao
Linha:838
Revisão:154817
Data:Mon Oct 07 14:33:27 GMT-03:00 2013
Autor:cooperacao
Linha:839
Revisão:154817
Data:Mon Oct 07 14:33:27 GMT-03:00 2013
Autor:cooperacao
Linha:840
Revisão:154817
Data:Mon Oct 07 14:33:27 GMT-03:00 2013
Autor:cooperacao
Linha:841
Revisão:154817
Data:Mon Oct 07 14:33:27 GMT-03:00 2013
Autor:cooperacao
Linha:842
Revisão:154817
Data:Mon Oct 07 14:33:27 GMT-03:00 2013
Autor:cooperacao
Linha:843
Revisão:154817
Data:Mon Oct 07 14:33:27 GMT-03:00 2013
Autor:cooperacao
Linha:844
Revisão:154817
Data:Mon Oct 07 14:33:27 GMT-03:00 2013
Autor:cooperacao
Linha:845
Revisão:154817
Data:Mon Oct 07 14:33:27 GMT-03:00 2013
Autor:cooperacao
Linha:846
Revisão:154817
Data:Mon Oct 07 14:33:27 GMT-03:00 2013
Autor:cooperacao
Linha:847
Revisão:154817
Data:Mon Oct 07 14:33:27 GMT-03:00 2013
Autor:cooperacao
Linha:848
Revisão:154817
Data:Mon Oct 07 14:33:27 GMT-03:00 2013
Autor:cooperacao
Linha:849
Revisão:154817
Data:Mon Oct 07 14:33:27 GMT-03:00 2013
Autor:cooperacao
Linha:850
Revisão:154817
Data:Mon Oct 07 14:33:27 GMT-03:00 2013
Autor:cooperacao
Linha:851
Revisão:154817
Data:Mon Oct 07 14:33:27 GMT-03:00 2013
Autor:cooperacao
Linha:852
Revisão:154817
Data:Mon Oct 07 14:33:27 GMT-03:00 2013
Autor:cooperacao
Linha:886
Revisão:154817
Data:Mon Oct 07 14:33:27 GMT-03:00 2013
Autor:cooperacao
Linha:887
Revisão:154817
Data:Mon Oct 07 14:33:27 GMT-03:00 2013
Autor:cooperacao
Linha:888
Revisão:154817
Data:Mon Oct 07 14:33:27 GMT-03:00 2013
Autor:cooperacao
Linha:889
Revisão:154817
Data:Mon Oct 07 14:33:27 GMT-03:00 2013
Autor:cooperacao
Linha:890
Revisão:154817
Data:Mon Oct 07 14:33:27 GMT-03:00 2013
Autor:cooperacao
Linha:891
Revisão:154817
Data:Mon Oct 07 14:33:27 GMT-03:00 2013
Autor:cooperacao
Linha:892
Revisão:154817
Data:Mon Oct 07 14:33:27 GMT-03:00 2013
Autor:cooperacao
Linha:893
Revisão:154817
Data:Mon Oct 07 14:33:27 GMT-03:00 2013
Autor:cooperacao
Linha:894
Revisão:154817
Data:Mon Oct 07 14:33:27 GMT-03:00 2013
Autor:cooperacao
Linha:895
Revisão:154817
Data:Mon Oct 07 14:33:27 GMT-03:00 2013
Autor:cooperacao
Linha:896
Revisão:154817
Data:Mon Oct 07 14:33:27 GMT-03:00 2013
Autor:cooperacao
Linha:897
Revisão:154817
Data:Mon Oct 07 14:33:27 GMT-03:00 2013
Autor:cooperacao
Linha:898
Revisão:154817
Data:Mon Oct 07 14:33:27 GMT-03:00 2013
Autor:cooperacao
Linha:899
Revisão:154817
Data:Mon Oct 07 14:33:27 GMT-03:00 2013
checkRole 1340 1350
44
Autor:cooperacao
Linha:1340
Revisão:154817
Data:Mon Oct 07 14:33:27 GMT-03:00 2013
Autor:cooperacao
Linha:1341
Revisão:154817
Data:Mon Oct 07 14:33:27 GMT-03:00 2013
Autor:cooperacao
Linha:1342
Revisão:154817
Data:Mon Oct 07 14:33:27 GMT-03:00 2013
Autor:cooperacao
Linha:1343
Revisão:154817
Data:Mon Oct 07 14:33:27 GMT-03:00 2013
Autor:cooperacao
Linha:1344
Revisão:154817
Data:Mon Oct 07 14:33:27 GMT-03:00 2013
Autor:cooperacao
Linha:1345
Revisão:154817
Data:Mon Oct 07 14:33:27 GMT-03:00 2013
Autor:cooperacao
Linha:1346
Revisão:154817
Data:Mon Oct 07 14:33:27 GMT-03:00 2013
Autor:cooperacao
Linha:1347
Revisão:154817
Data:Mon Oct 07 14:33:27 GMT-03:00 2013
Autor:cooperacao
Linha:1348
Revisão:154817
Data:Mon Oct 07 14:33:27 GMT-03:00 2013
Autor:cooperacao
Linha:1349
Revisão:154817
Data:Mon Oct 07 14:33:27 GMT-03:00 2013
Autor:cooperacao
Linha:1350
Revisão:154817
Data:Mon Oct 07 14:33:27 GMT-03:00 2013
Autor:cooperacao
Linha:1352
Revisão:154817
Data:Mon Oct 07 14:33:27 GMT-03:00 2013
Autor:cooperacao
Linha:1353
Revisão:154817
Data:Mon Oct 07 14:33:27 GMT-03:00 2013
Autor:cooperacao
Linha:1354
Revisão:154817
Data:Mon Oct 07 14:33:27 GMT-03:00 2013
Autor:cooperacao
Linha:1355
Revisão:154817
Data:Mon Oct 07 14:33:27 GMT-03:00 2013
Autor:cooperacao
Linha:1356
Revisão:154817
Data:Mon Oct 07 14:33:27 GMT-03:00 2013
Autor:cooperacao
Linha:1357
Revisão:154817
Data:Mon Oct 07 14:33:27 GMT-03:00 2013
Autor:cooperacao
Linha:1358
Revisão:154817
Data:Mon Oct 07 14:33:27 GMT-03:00 2013
Autor:cooperacao
Linha:1359
Revisão:154817
Data:Mon Oct 07 14:33:27 GMT-03:00 2013
Autor:cooperacao
Linha:1360
Revisão:154817
Data:Mon Oct 07 14:33:27 GMT-03:00 2013
Autor:cooperacao
Linha:1361
Revisão:154817
Data:Mon Oct 07 14:33:27 GMT-03:00 2013
Autor:cooperacao
Linha:1362
Revisão:154817
Data:Mon Oct 07 14:33:27 GMT-03:00 2013
Autor:cooperacao
Linha:1363
Revisão:154817
Data:Mon Oct 07 14:33:27 GMT-03:00 2013
Autor:cooperacao
Linha:1364
Revisão:154817
Data:Mon Oct 07 14:33:27 GMT-03:00 2013
Autor:cooperacao
Linha:1365
Revisão:154817
Data:Mon Oct 07 14:33:27 GMT-03:00 2013
Autor:cooperacao
Linha:1366
Revisão:154817
Data:Mon Oct 07 14:33:27 GMT-03:00 2013
Autor:cooperacao
Linha:1367
Revisão:154817
Data:Mon Oct 07 14:33:27 GMT-03:00 2013
Autor:cooperacao
Linha:1368
Revisão:154817
Data:Mon Oct 07 14:33:27 GMT-03:00 2013
Autor:cooperacao
Linha:1369
Revisão:154817
Data:Mon Oct 07 14:33:27 GMT-03:00 2013
Autor:cooperacao
Linha:1370
Revisão:154817
Data:Mon Oct 07 14:33:27 GMT-03:00 2013
Autor:cooperacao
Linha:1371
Revisão:154817
Data:Mon Oct 07 14:33:27 GMT-03:00 2013
Autor:cooperacao
Linha:1372
Revisão:154817
Data:Mon Oct 07 14:33:27 GMT-03:00 2013
Autor:cooperacao
Linha:1373
Revisão:154817
Data:Mon Oct 07 14:33:27 GMT-03:00 2013
Autor:cooperacao
Linha:1374
Revisão:154817
Data:Mon Oct 07 14:33:27 GMT-03:00 2013
Autor:cooperacao
Linha:1375
Revisão:154817
Data:Mon Oct 07 14:33:27 GMT-03:00 2013
Autor:cooperacao
Linha:1376
Revisão:154817
Data:Mon Oct 07 14:33:27 GMT-03:00 2013
Autor:cooperacao
Linha:1377
Revisão:154817
Data:Mon Oct 07 14:33:27 GMT-03:00 2013
Autor:cooperacao
Linha:1378
Revisão:154817
Data:Mon Oct 07 14:33:27 GMT-03:00 2013
Autor:cooperacao
Linha:1379
Revisão:154817
Data:Mon Oct 07 14:33:27 GMT-03:00 2013
Autor:cooperacao
Linha:1380
Revisão:154817
Data:Mon Oct 07 14:33:27 GMT-03:00 2013
Autor:cooperacao
Linha:1381
Revisão:154817
Data:Mon Oct 07 14:33:27 GMT-03:00 2013
Autor:cooperacao
Linha:1382
Revisão:154817
Data:Mon Oct 07 14:33:27 GMT-03:00 2013
Autor:cooperacao
Linha:1383
Revisão:154817
Data:Mon Oct 07 14:33:27 GMT-03:00 2013
Autor:cooperacao
Linha:1384
Revisão:154817
Data:Mon Oct 07 14:33:27 GMT-03:00 2013
toMD5 684 718
51
Autor:cooperacao
Linha:684
Revisão:154817
Data:Mon Oct 07 14:33:27 GMT-03:00 2013
Autor:cooperacao
Linha:685
Revisão:154817
Data:Mon Oct 07 14:33:27 GMT-03:00 2013
Autor:cooperacao
Linha:686
Revisão:154817
Data:Mon Oct 07 14:33:27 GMT-03:00 2013
Autor:cooperacao
Linha:687
Revisão:154817
Data:Mon Oct 07 14:33:27 GMT-03:00 2013
Autor:cooperacao
Linha:688
Revisão:154817
Data:Mon Oct 07 14:33:27 GMT-03:00 2013
Autor:cooperacao
Linha:689
Revisão:154817
Data:Mon Oct 07 14:33:27 GMT-03:00 2013
Autor:cooperacao
Linha:690
Revisão:154817
Data:Mon Oct 07 14:33:27 GMT-03:00 2013
Autor:cooperacao
Linha:691
Revisão:154817
Data:Mon Oct 07 14:33:27 GMT-03:00 2013
Autor:cooperacao
Linha:692
Revisão:154817
Data:Mon Oct 07 14:33:27 GMT-03:00 2013
Autor:cooperacao
Linha:693
Revisão:154817
Data:Mon Oct 07 14:33:27 GMT-03:00 2013
Autor:cooperacao
Linha:694
Revisão:154817
Data:Mon Oct 07 14:33:27 GMT-03:00 2013
Autor:cooperacao
Linha:695
Revisão:154817
Data:Mon Oct 07 14:33:27 GMT-03:00 2013
Autor:cooperacao
Linha:696
Revisão:154817
Data:Mon Oct 07 14:33:27 GMT-03:00 2013
Autor:cooperacao
Linha:697
Revisão:154817
Data:Mon Oct 07 14:33:27 GMT-03:00 2013
Autor:cooperacao
Linha:698
Revisão:154817
Data:Mon Oct 07 14:33:27 GMT-03:00 2013
Autor:cooperacao
Linha:699
Revisão:154817
Data:Mon Oct 07 14:33:27 GMT-03:00 2013
Autor:cooperacao
Linha:700
Revisão:154817
Data:Mon Oct 07 14:33:27 GMT-03:00 2013
Autor:cooperacao
Linha:701
Revisão:154817
Data:Mon Oct 07 14:33:27 GMT-03:00 2013
Autor:cooperacao
Linha:702
Revisão:154817
Data:Mon Oct 07 14:33:27 GMT-03:00 2013
Autor:cooperacao
Linha:703
Revisão:154817
Data:Mon Oct 07 14:33:27 GMT-03:00 2013
Autor:cooperacao
Linha:704
Revisão:154817
Data:Mon Oct 07 14:33:27 GMT-03:00 2013
Autor:cooperacao
Linha:705
Revisão:154817
Data:Mon Oct 07 14:33:27 GMT-03:00 2013
Autor:cooperacao
Linha:706
Revisão:154817
Data:Mon Oct 07 14:33:27 GMT-03:00 2013
Autor:cooperacao
Linha:707
Revisão:154817
Data:Mon Oct 07 14:33:27 GMT-03:00 2013
Autor:cooperacao
Linha:708
Revisão:154817
Data:Mon Oct 07 14:33:27 GMT-03:00 2013
Autor:cooperacao
Linha:709
Revisão:154817
Data:Mon Oct 07 14:33:27 GMT-03:00 2013
Autor:cooperacao
Linha:710
Revisão:154817
Data:Mon Oct 07 14:33:27 GMT-03:00 2013
Autor:cooperacao
Linha:711
Revisão:154817
Data:Mon Oct 07 14:33:27 GMT-03:00 2013
Autor:cooperacao
Linha:712
Revisão:154817
Data:Mon Oct 07 14:33:27 GMT-03:00 2013
Autor:cooperacao
Linha:713
Revisão:154817
Data:Mon Oct 07 14:33:27 GMT-03:00 2013
Autor:cooperacao
Linha:714
Revisão:154817
Data:Mon Oct 07 14:33:27 GMT-03:00 2013
Autor:cooperacao
Linha:715
Revisão:154817
Data:Mon Oct 07 14:33:27 GMT-03:00 2013
Autor:cooperacao
Linha:716
Revisão:154817
Data:Mon Oct 07 14:33:27 GMT-03:00 2013
Autor:cooperacao
Linha:717
Revisão:154817
Data:Mon Oct 07 14:33:27 GMT-03:00 2013
Autor:cooperacao
Linha:718
Revisão:154817
Data:Mon Oct 07 14:33:27 GMT-03:00 2013
Autor:cooperacao
Linha:720
Revisão:154817
Data:Mon Oct 07 14:33:27 GMT-03:00 2013
Autor:cooperacao
Linha:721
Revisão:154817
Data:Mon Oct 07 14:33:27 GMT-03:00 2013
Autor:cooperacao
Linha:722
Revisão:154817
Data:Mon Oct 07 14:33:27 GMT-03:00 2013
Autor:cooperacao
Linha:723
Revisão:154817
Data:Mon Oct 07 14:33:27 GMT-03:00 2013
Autor:cooperacao
Linha:724
Revisão:154817
Data:Mon Oct 07 14:33:27 GMT-03:00 2013
Autor:cooperacao
Linha:725
Revisão:154817
Data:Mon Oct 07 14:33:27 GMT-03:00 2013
Autor:cooperacao
Linha:726
Revisão:154817
Data:Mon Oct 07 14:33:27 GMT-03:00 2013
Autor:cooperacao
Linha:727
Revisão:154817
Data:Mon Oct 07 14:33:27 GMT-03:00 2013
Autor:cooperacao
Linha:728
Revisão:154817
Data:Mon Oct 07 14:33:27 GMT-03:00 2013
Autor:cooperacao
Linha:729
Revisão:154817
Data:Mon Oct 07 14:33:27 GMT-03:00 2013
Autor:cooperacao
Linha:730
Revisão:154817
Data:Mon Oct 07 14:33:27 GMT-03:00 2013
Autor:cooperacao
Linha:731
Revisão:154817
Data:Mon Oct 07 14:33:27 GMT-03:00 2013
Autor:cooperacao
Linha:732
Revisão:154817
Data:Mon Oct 07 14:33:27 GMT-03:00 2013
Autor:cooperacao
Linha:733
Revisão:154817
Data:Mon Oct 07 14:33:27 GMT-03:00 2013
Autor:cooperacao
Linha:734
Revisão:154817
Data:Mon Oct 07 14:33:27 GMT-03:00 2013
Autor:cooperacao
Linha:735
Revisão:154817
Data:Mon Oct 07 14:33:27 GMT-03:00 2013
toSHA1Digest 168 189
22
Autor:cooperacao
Linha:168
Revisão:154817
Data:Mon Oct 07 14:33:27 GMT-03:00 2013
Autor:cooperacao
Linha:169
Revisão:154817
Data:Mon Oct 07 14:33:27 GMT-03:00 2013
Autor:cooperacao
Linha:170
Revisão:154817
Data:Mon Oct 07 14:33:27 GMT-03:00 2013
Autor:cooperacao
Linha:171
Revisão:154817
Data:Mon Oct 07 14:33:27 GMT-03:00 2013
Autor:cooperacao
Linha:172
Revisão:154817
Data:Mon Oct 07 14:33:27 GMT-03:00 2013
Autor:cooperacao
Linha:173
Revisão:154817
Data:Mon Oct 07 14:33:27 GMT-03:00 2013
Autor:cooperacao
Linha:174
Revisão:154817
Data:Mon Oct 07 14:33:27 GMT-03:00 2013
Autor:cooperacao
Linha:175
Revisão:154817
Data:Mon Oct 07 14:33:27 GMT-03:00 2013
Autor:cooperacao
Linha:176
Revisão:154817
Data:Mon Oct 07 14:33:27 GMT-03:00 2013
Autor:cooperacao
Linha:177
Revisão:154817
Data:Mon Oct 07 14:33:27 GMT-03:00 2013
Autor:cooperacao
Linha:178
Revisão:154817
Data:Mon Oct 07 14:33:27 GMT-03:00 2013
Autor:cooperacao
Linha:179
Revisão:154817
Data:Mon Oct 07 14:33:27 GMT-03:00 2013
Autor:cooperacao
Linha:180
Revisão:154817
Data:Mon Oct 07 14:33:27 GMT-03:00 2013
Autor:cooperacao
Linha:181
Revisão:154817
Data:Mon Oct 07 14:33:27 GMT-03:00 2013
Autor:cooperacao
Linha:182
Revisão:154817
Data:Mon Oct 07 14:33:27 GMT-03:00 2013
Autor:cooperacao
Linha:183
Revisão:154817
Data:Mon Oct 07 14:33:27 GMT-03:00 2013
Autor:cooperacao
Linha:184
Revisão:154817
Data:Mon Oct 07 14:33:27 GMT-03:00 2013
Autor:cooperacao
Linha:185
Revisão:154817
Data:Mon Oct 07 14:33:27 GMT-03:00 2013
Autor:cooperacao
Linha:186
Revisão:154817
Data:Mon Oct 07 14:33:27 GMT-03:00 2013
Autor:cooperacao
Linha:187
Revisão:154817
Data:Mon Oct 07 14:33:27 GMT-03:00 2013
Autor:cooperacao
Linha:188
Revisão:154817
Data:Mon Oct 07 14:33:27 GMT-03:00 2013
Autor:cooperacao
Linha:189
Revisão:154817
Data:Mon Oct 07 14:33:27 GMT-03:00 2013
getMensagem 1523 1538
16
Autor:cooperacao
Linha:1523
Revisão:154817
Data:Mon Oct 07 14:33:27 GMT-03:00 2013
Autor:cooperacao
Linha:1524
Revisão:154817
Data:Mon Oct 07 14:33:27 GMT-03:00 2013
Autor:cooperacao
Linha:1525
Revisão:154817
Data:Mon Oct 07 14:33:27 GMT-03:00 2013
Autor:cooperacao
Linha:1526
Revisão:154817
Data:Mon Oct 07 14:33:27 GMT-03:00 2013
Autor:cooperacao
Linha:1527
Revisão:154817
Data:Mon Oct 07 14:33:27 GMT-03:00 2013
Autor:cooperacao
Linha:1528
Revisão:154817
Data:Mon Oct 07 14:33:27 GMT-03:00 2013
Autor:cooperacao
Linha:1529
Revisão:154817
Data:Mon Oct 07 14:33:27 GMT-03:00 2013
Autor:cooperacao
Linha:1530
Revisão:154817
Data:Mon Oct 07 14:33:27 GMT-03:00 2013
Autor:cooperacao
Linha:1531
Revisão:154817
Data:Mon Oct 07 14:33:27 GMT-03:00 2013
Autor:cooperacao
Linha:1532
Revisão:154817
Data:Mon Oct 07 14:33:27 GMT-03:00 2013
Autor:cooperacao
Linha:1533
Revisão:154817
Data:Mon Oct 07 14:33:27 GMT-03:00 2013
Autor:cooperacao
Linha:1534
Revisão:154817
Data:Mon Oct 07 14:33:27 GMT-03:00 2013
Autor:cooperacao
Linha:1535
Revisão:154817
Data:Mon Oct 07 14:33:27 GMT-03:00 2013
Autor:cooperacao
Linha:1536
Revisão:154817
Data:Mon Oct 07 14:33:27 GMT-03:00 2013
Autor:cooperacao
Linha:1537
Revisão:154817
Data:Mon Oct 07 14:33:27 GMT-03:00 2013
Autor:cooperacao
Linha:1538
Revisão:154817
Data:Mon Oct 07 14:33:27 GMT-03:00 2013
/branches/producao/SIGAA/biblioteca/br/ufrn/sigaa/biblioteca/util/CirculacaoUtil.java
1
ordenaMateriaisByAnexos 626 648
22
Autor:cooperacao
Linha:626
Revisão:149372
Data:Tue May 21 15:03:51 GMT-03:00 2013
Autor:cooperacao
Linha:627
Revisão:149372
Data:Tue May 21 15:03:51 GMT-03:00 2013
Autor:cooperacao
Linha:628
Revisão:149372
Data:Tue May 21 15:03:51 GMT-03:00 2013
Autor:cooperacao
Linha:629
Revisão:149372
Data:Tue May 21 15:03:51 GMT-03:00 2013
Autor:cooperacao
Linha:630
Revisão:149372
Data:Tue May 21 15:03:51 GMT-03:00 2013
Autor:cooperacao
Linha:631
Revisão:149372
Data:Tue May 21 15:03:51 GMT-03:00 2013
Autor:cooperacao
Linha:632
Revisão:149372
Data:Tue May 21 15:03:51 GMT-03:00 2013
Autor:cooperacao
Linha:633
Revisão:149372
Data:Tue May 21 15:03:51 GMT-03:00 2013
Autor:cooperacao
Linha:634
Revisão:149372
Data:Tue May 21 15:03:51 GMT-03:00 2013
Autor:cooperacao
Linha:635
Revisão:149372
Data:Tue May 21 15:03:51 GMT-03:00 2013
Autor:cooperacao
Linha:636
Revisão:149372
Data:Tue May 21 15:03:51 GMT-03:00 2013
Autor:cooperacao
Linha:637
Revisão:149372
Data:Tue May 21 15:03:51 GMT-03:00 2013
Autor:cooperacao
Linha:638
Revisão:149372
Data:Tue May 21 15:03:51 GMT-03:00 2013
Autor:cooperacao
Linha:639
Revisão:149372
Data:Tue May 21 15:03:51 GMT-03:00 2013
Autor:cooperacao
Linha:640
Revisão:149372
Data:Tue May 21 15:03:51 GMT-03:00 2013
Autor:cooperacao
Linha:641
Revisão:149372
Data:Tue May 21 15:03:51 GMT-03:00 2013
Autor:cooperacao
Linha:642
Revisão:149372
Data:Tue May 21 15:03:51 GMT-03:00 2013
Autor:cooperacao
Linha:643
Revisão:149372
Data:Tue May 21 15:03:51 GMT-03:00 2013
Autor:cooperacao
Linha:644
Revisão:149372
Data:Tue May 21 15:03:51 GMT-03:00 2013
Autor:cooperacao
Linha:645
Revisão:149372
Data:Tue May 21 15:03:51 GMT-03:00 2013
Autor:cooperacao
Linha:646
Revisão:149372
Data:Tue May 21 15:03:51 GMT-03:00 2013
Autor:cooperacao
Linha:647
Revisão:149372
Data:Tue May 21 15:03:51 GMT-03:00 2013
/branches/producao/Arquitetura/src/br/ufrn/arq/dao/GenericDAOImpl.java
2
findByExactField 894 900
7
Autor:cooperacao
Linha:900
Revisão:138884
Data:Mon Aug 20 14:40:54 GMT-03:00 2012
Autor:cooperacao
Linha:902
Revisão:138884
Data:Mon Aug 20 14:40:54 GMT-03:00 2012
Autor:cooperacao
Linha:903
Revisão:138884
Data:Mon Aug 20 14:40:54 GMT-03:00 2012
Autor:cooperacao
Linha:904
Revisão:138884
Data:Mon Aug 20 14:40:54 GMT-03:00 2012
Autor:cooperacao
Linha:905
Revisão:138884
Data:Mon Aug 20 14:40:54 GMT-03:00 2012
Autor:cooperacao
Linha:906
Revisão:138884
Data:Mon Aug 20 14:40:54 GMT-03:00 2012
Autor:cooperacao
Linha:907
Revisão:138884
Data:Mon Aug 20 14:40:54 GMT-03:00 2012
getSession 527 552
5
Autor:cooperacao
Linha:545
Revisão:154817
Data:Mon Oct 07 14:33:27 GMT-03:00 2013
Autor:cooperacao
Linha:546
Revisão:154817
Data:Mon Oct 07 14:33:27 GMT-03:00 2013
Autor:cooperacao
Linha:547
Revisão:154817
Data:Mon Oct 07 14:33:27 GMT-03:00 2013
Autor:cooperacao
Linha:548
Revisão:154817
Data:Mon Oct 07 14:33:27 GMT-03:00 2013
Autor:cooperacao
Linha:549
Revisão:154817
Data:Mon Oct 07 14:33:27 GMT-03:00 2013
/branches/producao/SIGAA/geral/br/ufrn/sigaa/dominio/Curso.java
3
getNome 374 377
1
Autor:cooperacao
Linha:377
Revisão:154040
Data:Wed Sep 18 16:58:04 GMT-03:00 2013
setNome 380 387
3
Autor:cooperacao
Linha:380
Revisão:154040
Data:Wed Sep 18 16:58:04 GMT-03:00 2013
Autor:cooperacao
Linha:381
Revisão:154040
Data:Wed Sep 18 16:58:04 GMT-03:00 2013
Autor:cooperacao
Linha:382
Revisão:154040
Data:Wed Sep 18 16:58:04 GMT-03:00 2013
getDescricao 610 630
2
Autor:cooperacao
Linha:621
Revisão:154040
Data:Wed Sep 18 16:58:04 GMT-03:00 2013
Autor:cooperacao
Linha:627
Revisão:154040
Data:Wed Sep 18 16:58:04 GMT-03:00 2013
/branches/producao/SIGAA/biblioteca/br/ufrn/sigaa/biblioteca/circulacao/negocio/ProcessadorRealizaEmprestimo.java
1
execute 83 412
44
Autor:cooperacao
Linha:184
Revisão:150873
Data:Tue Jul 02 12:04:50 GMT-03:00 2013
Autor:cooperacao
Linha:185
Revisão:150873
Data:Tue Jul 02 12:04:50 GMT-03:00 2013
Autor:cooperacao
Linha:186
Revisão:150873
Data:Tue Jul 02 12:04:50 GMT-03:00 2013
Autor:cooperacao
Linha:187
Revisão:150873
Data:Tue Jul 02 12:04:50 GMT-03:00 2013
Autor:cooperacao
Linha:188
Revisão:150873
Data:Tue Jul 02 12:04:50 GMT-03:00 2013
Autor:cooperacao
Linha:189
Revisão:150873
Data:Tue Jul 02 12:04:50 GMT-03:00 2013
Autor:cooperacao
Linha:190
Revisão:150873
Data:Tue Jul 02 12:04:50 GMT-03:00 2013
Autor:cooperacao
Linha:191
Revisão:150873
Data:Tue Jul 02 12:04:50 GMT-03:00 2013
Autor:cooperacao
Linha:286
Revisão:150873
Data:Tue Jul 02 12:04:50 GMT-03:00 2013
Autor:cooperacao
Linha:288
Revisão:150873
Data:Tue Jul 02 12:04:50 GMT-03:00 2013
Autor:cooperacao
Linha:290
Revisão:150873
Data:Tue Jul 02 12:04:50 GMT-03:00 2013
Autor:cooperacao
Linha:291
Revisão:150873
Data:Tue Jul 02 12:04:50 GMT-03:00 2013
Autor:cooperacao
Linha:292
Revisão:150873
Data:Tue Jul 02 12:04:50 GMT-03:00 2013
Autor:cooperacao
Linha:293
Revisão:150873
Data:Tue Jul 02 12:04:50 GMT-03:00 2013
Autor:cooperacao
Linha:294
Revisão:150873
Data:Tue Jul 02 12:04:50 GMT-03:00 2013
Autor:cooperacao
Linha:295
Revisão:150873
Data:Tue Jul 02 12:04:50 GMT-03:00 2013
Autor:cooperacao
Linha:296
Revisão:150873
Data:Tue Jul 02 12:04:50 GMT-03:00 2013
Autor:cooperacao
Linha:297
Revisão:150873
Data:Tue Jul 02 12:04:50 GMT-03:00 2013
Autor:cooperacao
Linha:298
Revisão:150873
Data:Tue Jul 02 12:04:50 GMT-03:00 2013
Autor:cooperacao
Linha:299
Revisão:150873
Data:Tue Jul 02 12:04:50 GMT-03:00 2013
Autor:cooperacao
Linha:300
Revisão:150873
Data:Tue Jul 02 12:04:50 GMT-03:00 2013
Autor:cooperacao
Linha:301
Revisão:150873
Data:Tue Jul 02 12:04:50 GMT-03:00 2013
Autor:cooperacao
Linha:302
Revisão:150873
Data:Tue Jul 02 12:04:50 GMT-03:00 2013
Autor:cooperacao
Linha:303
Revisão:150873
Data:Tue Jul 02 12:04:50 GMT-03:00 2013
Autor:cooperacao
Linha:304
Revisão:150873
Data:Tue Jul 02 12:04:50 GMT-03:00 2013
Autor:cooperacao
Linha:305
Revisão:150873
Data:Tue Jul 02 12:04:50 GMT-03:00 2013
Autor:cooperacao
Linha:306
Revisão:150873
Data:Tue Jul 02 12:04:50 GMT-03:00 2013
Autor:cooperacao
Linha:307
Revisão:150873
Data:Tue Jul 02 12:04:50 GMT-03:00 2013
Autor:cooperacao
Linha:308
Revisão:150873
Data:Tue Jul 02 12:04:50 GMT-03:00 2013
Autor:cooperacao
Linha:309
Revisão:150873
Data:Tue Jul 02 12:04:50 GMT-03:00 2013
Autor:cooperacao
Linha:310
Revisão:150873
Data:Tue Jul 02 12:04:50 GMT-03:00 2013
Autor:cooperacao
Linha:311
Revisão:150873
Data:Tue Jul 02 12:04:50 GMT-03:00 2013
Autor:cooperacao
Linha:312
Revisão:150873
Data:Tue Jul 02 12:04:50 GMT-03:00 2013
Autor:cooperacao
Linha:314
Revisão:150873
Data:Tue Jul 02 12:04:50 GMT-03:00 2013
Autor:cooperacao
Linha:316
Revisão:150873
Data:Tue Jul 02 12:04:50 GMT-03:00 2013
Autor:cooperacao
Linha:317
Revisão:150873
Data:Tue Jul 02 12:04:50 GMT-03:00 2013
Autor:cooperacao
Linha:318
Revisão:150873
Data:Tue Jul 02 12:04:50 GMT-03:00 2013
Autor:cooperacao
Linha:320
Revisão:150873
Data:Tue Jul 02 12:04:50 GMT-03:00 2013
Autor:cooperacao
Linha:321
Revisão:150873
Data:Tue Jul 02 12:04:50 GMT-03:00 2013
Autor:cooperacao
Linha:323
Revisão:150873
Data:Tue Jul 02 12:04:50 GMT-03:00 2013
Autor:cooperacao
Linha:325
Revisão:150873
Data:Tue Jul 02 12:04:50 GMT-03:00 2013
Autor:cooperacao
Linha:326
Revisão:150873
Data:Tue Jul 02 12:04:50 GMT-03:00 2013
Autor:cooperacao
Linha:327
Revisão:150873
Data:Tue Jul 02 12:04:50 GMT-03:00 2013
Autor:cooperacao
Linha:332
Revisão:154380
Data:Wed Sep 25 08:52:41 GMT-03:00 2013
/branches/producao/SIGAA/arq/br/ufrn/sigaa/arq/dao/DiscenteAdapterListener.java
1
corrigirDiscenteAdapter 38 70
15
Autor:cooperacao
Linha:38
Revisão:154368
Data:Wed Sep 25 08:52:06 GMT-03:00 2013
Id:11224477
IdTipo:102
Número:121564
TipoDenomicação:ERRO DE NEGÓCIO/VALIDAÇÃO
Autor:cooperacao
Linha:39
Revisão:154368
Data:Wed Sep 25 08:52:06 GMT-03:00 2013
Id:11224477
IdTipo:102
Número:121564
TipoDenomicação:ERRO DE NEGÓCIO/VALIDAÇÃO
Autor:cooperacao
Linha:40
Revisão:154368
Data:Wed Sep 25 08:52:06 GMT-03:00 2013
Id:11224477
IdTipo:102
Número:121564
TipoDenomicação:ERRO DE NEGÓCIO/VALIDAÇÃO
Autor:cooperacao
Linha:56
Revisão:154368
Data:Wed Sep 25 08:52:06 GMT-03:00 2013
Id:11224477
IdTipo:102
Número:121564
TipoDenomicação:ERRO DE NEGÓCIO/VALIDAÇÃO
Autor:cooperacao
Linha:57
Revisão:154368
Data:Wed Sep 25 08:52:06 GMT-03:00 2013
Id:11224477
IdTipo:102
Número:121564
TipoDenomicação:ERRO DE NEGÓCIO/VALIDAÇÃO
Autor:cooperacao
Linha:58
Revisão:154368
Data:Wed Sep 25 08:52:06 GMT-03:00 2013
Id:11224477
IdTipo:102
Número:121564
TipoDenomicação:ERRO DE NEGÓCIO/VALIDAÇÃO
Autor:cooperacao
Linha:59
Revisão:142473
Data:Thu Nov 01 18:34:30 GMT-03:00 2012
Id:8714047
IdTipo:102
Número:100567
TipoDenomicação:ERRO DE NEGÓCIO/VALIDAÇÃO
Autor:cooperacao
Linha:60
Revisão:142473
Data:Thu Nov 01 18:34:30 GMT-03:00 2012
Id:8714047
IdTipo:102
Número:100567
TipoDenomicação:ERRO DE NEGÓCIO/VALIDAÇÃO
Autor:cooperacao
Linha:61
Revisão:142473
Data:Thu Nov 01 18:34:30 GMT-03:00 2012
Id:8714047
IdTipo:102
Número:100567
TipoDenomicação:ERRO DE NEGÓCIO/VALIDAÇÃO
Autor:cooperacao
Linha:62
Revisão:154040
Data:Wed Sep 18 16:58:04 GMT-03:00 2013
Autor:cooperacao
Linha:63
Revisão:154040
Data:Wed Sep 18 16:58:04 GMT-03:00 2013
Autor:cooperacao
Linha:64
Revisão:154040
Data:Wed Sep 18 16:58:04 GMT-03:00 2013
Autor:cooperacao
Linha:65
Revisão:154040
Data:Wed Sep 18 16:58:04 GMT-03:00 2013
Autor:cooperacao
Linha:66
Revisão:154040
Data:Wed Sep 18 16:58:04 GMT-03:00 2013
Autor:cooperacao
Linha:67
Revisão:154368
Data:Wed Sep 25 08:52:06 GMT-03:00 2013
Id:11224477
IdTipo:102
Número:121564
TipoDenomicação:ERRO DE NEGÓCIO/VALIDAÇÃO
4
ERRO DE NEGÓCIO/VALIDAÇÃO:2
ERRO REQ. NÃO FUNCIONAL:1
ERRO DE EXECUÇÃO:1
APRIMORAMENTO:3
2
ERRO DE NEGÓCIO/VALIDAÇÃO:2
ERRO REQ. NÃO FUNCIONAL:1
4
ERRO DE NEGÓCIO/VALIDAÇÃO
2
corrigirDiscenteAdapter
corrigirDiscenteAdapter
ERRO REQ. NÃO FUNCIONAL
3
execute
calculaProximoDiaUtilInterrupcao
geraProrrogacoesEmprestimo
ERRO DE EXECUÇÃO
1
findAllEmprestimosAtivosByBibliotecasEPeriodo
APRIMORAMENTO
3
getDiasUteisEntreDatasArrendondado
calculoDiasArredondado
getLinkSigpp
2
ERRO DE NEGÓCIO/VALIDAÇÃO
2
corrigirDiscenteAdapter
corrigirDiscenteAdapter
ERRO REQ. NÃO FUNCIONAL
1
execute
