# Métodos que tiveram performance degradada na evolução
-1 120518 
5
/branches/producao/SIGAA/biblioteca/br/ufrn/sigaa/biblioteca/circulacao/negocio/ProcessadorRenovaEmprestimo.java
1
execute 63 220
9
Autor:cooperacao
Linha:126
Revisão:149372
Data:Tue May 21 15:03:51 GMT-03:00 2013
Autor:cooperacao
Linha:156
Revisão:154370
Data:Wed Sep 25 08:52:12 GMT-03:00 2013
Id:11123743
IdTipo:44
Número:120518
TipoDenomicação:ERRO REQ. NÃO FUNCIONAL
Autor:cooperacao
Linha:157
Revisão:154370
Data:Wed Sep 25 08:52:12 GMT-03:00 2013
Id:11123743
IdTipo:44
Número:120518
TipoDenomicação:ERRO REQ. NÃO FUNCIONAL
Autor:cooperacao
Linha:158
Revisão:154370
Data:Wed Sep 25 08:52:12 GMT-03:00 2013
Id:11123743
IdTipo:44
Número:120518
TipoDenomicação:ERRO REQ. NÃO FUNCIONAL
Autor:cooperacao
Linha:159
Revisão:154370
Data:Wed Sep 25 08:52:12 GMT-03:00 2013
Id:11123743
IdTipo:44
Número:120518
TipoDenomicação:ERRO REQ. NÃO FUNCIONAL
Autor:cooperacao
Linha:160
Revisão:154370
Data:Wed Sep 25 08:52:12 GMT-03:00 2013
Id:11123743
IdTipo:44
Número:120518
TipoDenomicação:ERRO REQ. NÃO FUNCIONAL
Autor:cooperacao
Linha:161
Revisão:154370
Data:Wed Sep 25 08:52:12 GMT-03:00 2013
Id:11123743
IdTipo:44
Número:120518
TipoDenomicação:ERRO REQ. NÃO FUNCIONAL
Autor:cooperacao
Linha:162
Revisão:154370
Data:Wed Sep 25 08:52:12 GMT-03:00 2013
Id:11123743
IdTipo:44
Número:120518
TipoDenomicação:ERRO REQ. NÃO FUNCIONAL
Autor:cooperacao
Linha:163
Revisão:154370
Data:Wed Sep 25 08:52:12 GMT-03:00 2013
Id:11123743
IdTipo:44
Número:120518
TipoDenomicação:ERRO REQ. NÃO FUNCIONAL
/branches/producao/Arquitetura/src/br/ufrn/arq/util/UFRNUtils.java
1
toMD5 684 718
51
Autor:cooperacao
Linha:684
Revisão:154817
Data:Mon Oct 07 14:33:27 GMT-03:00 2013
Autor:cooperacao
Linha:685
Revisão:154817
Data:Mon Oct 07 14:33:27 GMT-03:00 2013
Autor:cooperacao
Linha:686
Revisão:154817
Data:Mon Oct 07 14:33:27 GMT-03:00 2013
Autor:cooperacao
Linha:687
Revisão:154817
Data:Mon Oct 07 14:33:27 GMT-03:00 2013
Autor:cooperacao
Linha:688
Revisão:154817
Data:Mon Oct 07 14:33:27 GMT-03:00 2013
Autor:cooperacao
Linha:689
Revisão:154817
Data:Mon Oct 07 14:33:27 GMT-03:00 2013
Autor:cooperacao
Linha:690
Revisão:154817
Data:Mon Oct 07 14:33:27 GMT-03:00 2013
Autor:cooperacao
Linha:691
Revisão:154817
Data:Mon Oct 07 14:33:27 GMT-03:00 2013
Autor:cooperacao
Linha:692
Revisão:154817
Data:Mon Oct 07 14:33:27 GMT-03:00 2013
Autor:cooperacao
Linha:693
Revisão:154817
Data:Mon Oct 07 14:33:27 GMT-03:00 2013
Autor:cooperacao
Linha:694
Revisão:154817
Data:Mon Oct 07 14:33:27 GMT-03:00 2013
Autor:cooperacao
Linha:695
Revisão:154817
Data:Mon Oct 07 14:33:27 GMT-03:00 2013
Autor:cooperacao
Linha:696
Revisão:154817
Data:Mon Oct 07 14:33:27 GMT-03:00 2013
Autor:cooperacao
Linha:697
Revisão:154817
Data:Mon Oct 07 14:33:27 GMT-03:00 2013
Autor:cooperacao
Linha:698
Revisão:154817
Data:Mon Oct 07 14:33:27 GMT-03:00 2013
Autor:cooperacao
Linha:699
Revisão:154817
Data:Mon Oct 07 14:33:27 GMT-03:00 2013
Autor:cooperacao
Linha:700
Revisão:154817
Data:Mon Oct 07 14:33:27 GMT-03:00 2013
Autor:cooperacao
Linha:701
Revisão:154817
Data:Mon Oct 07 14:33:27 GMT-03:00 2013
Autor:cooperacao
Linha:702
Revisão:154817
Data:Mon Oct 07 14:33:27 GMT-03:00 2013
Autor:cooperacao
Linha:703
Revisão:154817
Data:Mon Oct 07 14:33:27 GMT-03:00 2013
Autor:cooperacao
Linha:704
Revisão:154817
Data:Mon Oct 07 14:33:27 GMT-03:00 2013
Autor:cooperacao
Linha:705
Revisão:154817
Data:Mon Oct 07 14:33:27 GMT-03:00 2013
Autor:cooperacao
Linha:706
Revisão:154817
Data:Mon Oct 07 14:33:27 GMT-03:00 2013
Autor:cooperacao
Linha:707
Revisão:154817
Data:Mon Oct 07 14:33:27 GMT-03:00 2013
Autor:cooperacao
Linha:708
Revisão:154817
Data:Mon Oct 07 14:33:27 GMT-03:00 2013
Autor:cooperacao
Linha:709
Revisão:154817
Data:Mon Oct 07 14:33:27 GMT-03:00 2013
Autor:cooperacao
Linha:710
Revisão:154817
Data:Mon Oct 07 14:33:27 GMT-03:00 2013
Autor:cooperacao
Linha:711
Revisão:154817
Data:Mon Oct 07 14:33:27 GMT-03:00 2013
Autor:cooperacao
Linha:712
Revisão:154817
Data:Mon Oct 07 14:33:27 GMT-03:00 2013
Autor:cooperacao
Linha:713
Revisão:154817
Data:Mon Oct 07 14:33:27 GMT-03:00 2013
Autor:cooperacao
Linha:714
Revisão:154817
Data:Mon Oct 07 14:33:27 GMT-03:00 2013
Autor:cooperacao
Linha:715
Revisão:154817
Data:Mon Oct 07 14:33:27 GMT-03:00 2013
Autor:cooperacao
Linha:716
Revisão:154817
Data:Mon Oct 07 14:33:27 GMT-03:00 2013
Autor:cooperacao
Linha:717
Revisão:154817
Data:Mon Oct 07 14:33:27 GMT-03:00 2013
Autor:cooperacao
Linha:718
Revisão:154817
Data:Mon Oct 07 14:33:27 GMT-03:00 2013
Autor:cooperacao
Linha:720
Revisão:154817
Data:Mon Oct 07 14:33:27 GMT-03:00 2013
Autor:cooperacao
Linha:721
Revisão:154817
Data:Mon Oct 07 14:33:27 GMT-03:00 2013
Autor:cooperacao
Linha:722
Revisão:154817
Data:Mon Oct 07 14:33:27 GMT-03:00 2013
Autor:cooperacao
Linha:723
Revisão:154817
Data:Mon Oct 07 14:33:27 GMT-03:00 2013
Autor:cooperacao
Linha:724
Revisão:154817
Data:Mon Oct 07 14:33:27 GMT-03:00 2013
Autor:cooperacao
Linha:725
Revisão:154817
Data:Mon Oct 07 14:33:27 GMT-03:00 2013
Autor:cooperacao
Linha:726
Revisão:154817
Data:Mon Oct 07 14:33:27 GMT-03:00 2013
Autor:cooperacao
Linha:727
Revisão:154817
Data:Mon Oct 07 14:33:27 GMT-03:00 2013
Autor:cooperacao
Linha:728
Revisão:154817
Data:Mon Oct 07 14:33:27 GMT-03:00 2013
Autor:cooperacao
Linha:729
Revisão:154817
Data:Mon Oct 07 14:33:27 GMT-03:00 2013
Autor:cooperacao
Linha:730
Revisão:154817
Data:Mon Oct 07 14:33:27 GMT-03:00 2013
Autor:cooperacao
Linha:731
Revisão:154817
Data:Mon Oct 07 14:33:27 GMT-03:00 2013
Autor:cooperacao
Linha:732
Revisão:154817
Data:Mon Oct 07 14:33:27 GMT-03:00 2013
Autor:cooperacao
Linha:733
Revisão:154817
Data:Mon Oct 07 14:33:27 GMT-03:00 2013
Autor:cooperacao
Linha:734
Revisão:154817
Data:Mon Oct 07 14:33:27 GMT-03:00 2013
Autor:cooperacao
Linha:735
Revisão:154817
Data:Mon Oct 07 14:33:27 GMT-03:00 2013
/branches/producao/Arquitetura/src/br/ufrn/arq/dao/GenericDAOImpl.java
2
findByExactField 894 900
7
Autor:cooperacao
Linha:900
Revisão:138884
Data:Mon Aug 20 14:40:54 GMT-03:00 2012
Autor:cooperacao
Linha:902
Revisão:138884
Data:Mon Aug 20 14:40:54 GMT-03:00 2012
Autor:cooperacao
Linha:903
Revisão:138884
Data:Mon Aug 20 14:40:54 GMT-03:00 2012
Autor:cooperacao
Linha:904
Revisão:138884
Data:Mon Aug 20 14:40:54 GMT-03:00 2012
Autor:cooperacao
Linha:905
Revisão:138884
Data:Mon Aug 20 14:40:54 GMT-03:00 2012
Autor:cooperacao
Linha:906
Revisão:138884
Data:Mon Aug 20 14:40:54 GMT-03:00 2012
Autor:cooperacao
Linha:907
Revisão:138884
Data:Mon Aug 20 14:40:54 GMT-03:00 2012
getSession 527 552
5
Autor:cooperacao
Linha:545
Revisão:154817
Data:Mon Oct 07 14:33:27 GMT-03:00 2013
Autor:cooperacao
Linha:546
Revisão:154817
Data:Mon Oct 07 14:33:27 GMT-03:00 2013
Autor:cooperacao
Linha:547
Revisão:154817
Data:Mon Oct 07 14:33:27 GMT-03:00 2013
Autor:cooperacao
Linha:548
Revisão:154817
Data:Mon Oct 07 14:33:27 GMT-03:00 2013
Autor:cooperacao
Linha:549
Revisão:154817
Data:Mon Oct 07 14:33:27 GMT-03:00 2013
/branches/producao/SIGAA/geral/br/ufrn/sigaa/dominio/Curso.java
2
setNome 380 387
3
Autor:cooperacao
Linha:380
Revisão:154040
Data:Wed Sep 18 16:58:04 GMT-03:00 2013
Autor:cooperacao
Linha:381
Revisão:154040
Data:Wed Sep 18 16:58:04 GMT-03:00 2013
Autor:cooperacao
Linha:382
Revisão:154040
Data:Wed Sep 18 16:58:04 GMT-03:00 2013
getDescricao 610 630
2
Autor:cooperacao
Linha:621
Revisão:154040
Data:Wed Sep 18 16:58:04 GMT-03:00 2013
Autor:cooperacao
Linha:627
Revisão:154040
Data:Wed Sep 18 16:58:04 GMT-03:00 2013
/branches/producao/SIGAA/biblioteca/br/ufrn/sigaa/biblioteca/circulacao/negocio/ProcessadorRealizaEmprestimo.java
1
execute 83 412
44
Autor:cooperacao
Linha:184
Revisão:150873
Data:Tue Jul 02 12:04:50 GMT-03:00 2013
Autor:cooperacao
Linha:185
Revisão:150873
Data:Tue Jul 02 12:04:50 GMT-03:00 2013
Autor:cooperacao
Linha:186
Revisão:150873
Data:Tue Jul 02 12:04:50 GMT-03:00 2013
Autor:cooperacao
Linha:187
Revisão:150873
Data:Tue Jul 02 12:04:50 GMT-03:00 2013
Autor:cooperacao
Linha:188
Revisão:150873
Data:Tue Jul 02 12:04:50 GMT-03:00 2013
Autor:cooperacao
Linha:189
Revisão:150873
Data:Tue Jul 02 12:04:50 GMT-03:00 2013
Autor:cooperacao
Linha:190
Revisão:150873
Data:Tue Jul 02 12:04:50 GMT-03:00 2013
Autor:cooperacao
Linha:191
Revisão:150873
Data:Tue Jul 02 12:04:50 GMT-03:00 2013
Autor:cooperacao
Linha:286
Revisão:150873
Data:Tue Jul 02 12:04:50 GMT-03:00 2013
Autor:cooperacao
Linha:288
Revisão:150873
Data:Tue Jul 02 12:04:50 GMT-03:00 2013
Autor:cooperacao
Linha:290
Revisão:150873
Data:Tue Jul 02 12:04:50 GMT-03:00 2013
Autor:cooperacao
Linha:291
Revisão:150873
Data:Tue Jul 02 12:04:50 GMT-03:00 2013
Autor:cooperacao
Linha:292
Revisão:150873
Data:Tue Jul 02 12:04:50 GMT-03:00 2013
Autor:cooperacao
Linha:293
Revisão:150873
Data:Tue Jul 02 12:04:50 GMT-03:00 2013
Autor:cooperacao
Linha:294
Revisão:150873
Data:Tue Jul 02 12:04:50 GMT-03:00 2013
Autor:cooperacao
Linha:295
Revisão:150873
Data:Tue Jul 02 12:04:50 GMT-03:00 2013
Autor:cooperacao
Linha:296
Revisão:150873
Data:Tue Jul 02 12:04:50 GMT-03:00 2013
Autor:cooperacao
Linha:297
Revisão:150873
Data:Tue Jul 02 12:04:50 GMT-03:00 2013
Autor:cooperacao
Linha:298
Revisão:150873
Data:Tue Jul 02 12:04:50 GMT-03:00 2013
Autor:cooperacao
Linha:299
Revisão:150873
Data:Tue Jul 02 12:04:50 GMT-03:00 2013
Autor:cooperacao
Linha:300
Revisão:150873
Data:Tue Jul 02 12:04:50 GMT-03:00 2013
Autor:cooperacao
Linha:301
Revisão:150873
Data:Tue Jul 02 12:04:50 GMT-03:00 2013
Autor:cooperacao
Linha:302
Revisão:150873
Data:Tue Jul 02 12:04:50 GMT-03:00 2013
Autor:cooperacao
Linha:303
Revisão:150873
Data:Tue Jul 02 12:04:50 GMT-03:00 2013
Autor:cooperacao
Linha:304
Revisão:150873
Data:Tue Jul 02 12:04:50 GMT-03:00 2013
Autor:cooperacao
Linha:305
Revisão:150873
Data:Tue Jul 02 12:04:50 GMT-03:00 2013
Autor:cooperacao
Linha:306
Revisão:150873
Data:Tue Jul 02 12:04:50 GMT-03:00 2013
Autor:cooperacao
Linha:307
Revisão:150873
Data:Tue Jul 02 12:04:50 GMT-03:00 2013
Autor:cooperacao
Linha:308
Revisão:150873
Data:Tue Jul 02 12:04:50 GMT-03:00 2013
Autor:cooperacao
Linha:309
Revisão:150873
Data:Tue Jul 02 12:04:50 GMT-03:00 2013
Autor:cooperacao
Linha:310
Revisão:150873
Data:Tue Jul 02 12:04:50 GMT-03:00 2013
Autor:cooperacao
Linha:311
Revisão:150873
Data:Tue Jul 02 12:04:50 GMT-03:00 2013
Autor:cooperacao
Linha:312
Revisão:150873
Data:Tue Jul 02 12:04:50 GMT-03:00 2013
Autor:cooperacao
Linha:314
Revisão:150873
Data:Tue Jul 02 12:04:50 GMT-03:00 2013
Autor:cooperacao
Linha:316
Revisão:150873
Data:Tue Jul 02 12:04:50 GMT-03:00 2013
Autor:cooperacao
Linha:317
Revisão:150873
Data:Tue Jul 02 12:04:50 GMT-03:00 2013
Autor:cooperacao
Linha:318
Revisão:150873
Data:Tue Jul 02 12:04:50 GMT-03:00 2013
Autor:cooperacao
Linha:320
Revisão:150873
Data:Tue Jul 02 12:04:50 GMT-03:00 2013
Autor:cooperacao
Linha:321
Revisão:150873
Data:Tue Jul 02 12:04:50 GMT-03:00 2013
Autor:cooperacao
Linha:323
Revisão:150873
Data:Tue Jul 02 12:04:50 GMT-03:00 2013
Autor:cooperacao
Linha:325
Revisão:150873
Data:Tue Jul 02 12:04:50 GMT-03:00 2013
Autor:cooperacao
Linha:326
Revisão:150873
Data:Tue Jul 02 12:04:50 GMT-03:00 2013
Autor:cooperacao
Linha:327
Revisão:150873
Data:Tue Jul 02 12:04:50 GMT-03:00 2013
Autor:cooperacao
Linha:332
Revisão:154380
Data:Wed Sep 25 08:52:41 GMT-03:00 2013
3
ERRO REQ. NÃO FUNCIONAL:1
ERRO DE EXECUÇÃO:1
APRIMORAMENTO:3
1
ERRO REQ. NÃO FUNCIONAL:1
3
ERRO REQ. NÃO FUNCIONAL
3
execute
calculaProximoDiaUtilInterrupcao
geraProrrogacoesEmprestimo
ERRO DE EXECUÇÃO
1
findAllEmprestimosAtivosByBibliotecasEPeriodo
APRIMORAMENTO
3
getDiasUteisEntreDatasArrendondado
calculoDiasArredondado
getLinkSigpp
1
ERRO REQ. NÃO FUNCIONAL
1
execute
