# Métodos que falharam em ambas as versões
2
/branches/producao/Arquitetura/src/br/ufrn/arq/negocio/ArqFacadeBean.java
1
executeComTxTemplate 148 198
2
Autor:cooperacao
Linha:182
Revisão:119496
Data:Thu Oct 13 14:02:28 BRT 2011
Autor:cooperacao
Linha:183
Revisão:119496
Data:Thu Oct 13 14:02:28 BRT 2011
/branches/producao/SIGAA/biblioteca/br/ufrn/sigaa/biblioteca/circulacao/dominio/PoliticaEmprestimo.java
1
equalByDadosPolitica 456 508
51
Autor:cooperacao
Linha:458
Revisão:149372
Data:Tue May 21 15:03:51 BRT 2013
Autor:cooperacao
Linha:459
Revisão:149372
Data:Tue May 21 15:03:51 BRT 2013
Autor:cooperacao
Linha:460
Revisão:149372
Data:Tue May 21 15:03:51 BRT 2013
Autor:cooperacao
Linha:461
Revisão:149372
Data:Tue May 21 15:03:51 BRT 2013
Autor:cooperacao
Linha:462
Revisão:149372
Data:Tue May 21 15:03:51 BRT 2013
Autor:cooperacao
Linha:463
Revisão:149372
Data:Tue May 21 15:03:51 BRT 2013
Autor:cooperacao
Linha:464
Revisão:149372
Data:Tue May 21 15:03:51 BRT 2013
Autor:cooperacao
Linha:465
Revisão:149372
Data:Tue May 21 15:03:51 BRT 2013
Autor:cooperacao
Linha:466
Revisão:149372
Data:Tue May 21 15:03:51 BRT 2013
Autor:cooperacao
Linha:467
Revisão:149372
Data:Tue May 21 15:03:51 BRT 2013
Autor:cooperacao
Linha:468
Revisão:149372
Data:Tue May 21 15:03:51 BRT 2013
Autor:cooperacao
Linha:469
Revisão:149372
Data:Tue May 21 15:03:51 BRT 2013
Autor:cooperacao
Linha:470
Revisão:149372
Data:Tue May 21 15:03:51 BRT 2013
Autor:cooperacao
Linha:471
Revisão:149372
Data:Tue May 21 15:03:51 BRT 2013
Autor:cooperacao
Linha:472
Revisão:149372
Data:Tue May 21 15:03:51 BRT 2013
Autor:cooperacao
Linha:473
Revisão:149372
Data:Tue May 21 15:03:51 BRT 2013
Autor:cooperacao
Linha:474
Revisão:149372
Data:Tue May 21 15:03:51 BRT 2013
Autor:cooperacao
Linha:475
Revisão:149372
Data:Tue May 21 15:03:51 BRT 2013
Autor:cooperacao
Linha:476
Revisão:149372
Data:Tue May 21 15:03:51 BRT 2013
Autor:cooperacao
Linha:477
Revisão:149372
Data:Tue May 21 15:03:51 BRT 2013
Autor:cooperacao
Linha:478
Revisão:149372
Data:Tue May 21 15:03:51 BRT 2013
Autor:cooperacao
Linha:479
Revisão:149372
Data:Tue May 21 15:03:51 BRT 2013
Autor:cooperacao
Linha:480
Revisão:149372
Data:Tue May 21 15:03:51 BRT 2013
Autor:cooperacao
Linha:481
Revisão:149372
Data:Tue May 21 15:03:51 BRT 2013
Autor:cooperacao
Linha:482
Revisão:149372
Data:Tue May 21 15:03:51 BRT 2013
Autor:cooperacao
Linha:483
Revisão:149372
Data:Tue May 21 15:03:51 BRT 2013
Autor:cooperacao
Linha:484
Revisão:149372
Data:Tue May 21 15:03:51 BRT 2013
Autor:cooperacao
Linha:485
Revisão:149372
Data:Tue May 21 15:03:51 BRT 2013
Autor:cooperacao
Linha:486
Revisão:149372
Data:Tue May 21 15:03:51 BRT 2013
Autor:cooperacao
Linha:487
Revisão:149372
Data:Tue May 21 15:03:51 BRT 2013
Autor:cooperacao
Linha:488
Revisão:149372
Data:Tue May 21 15:03:51 BRT 2013
Autor:cooperacao
Linha:489
Revisão:149372
Data:Tue May 21 15:03:51 BRT 2013
Autor:cooperacao
Linha:490
Revisão:149372
Data:Tue May 21 15:03:51 BRT 2013
Autor:cooperacao
Linha:491
Revisão:149372
Data:Tue May 21 15:03:51 BRT 2013
Autor:cooperacao
Linha:492
Revisão:149372
Data:Tue May 21 15:03:51 BRT 2013
Autor:cooperacao
Linha:493
Revisão:149372
Data:Tue May 21 15:03:51 BRT 2013
Autor:cooperacao
Linha:494
Revisão:149372
Data:Tue May 21 15:03:51 BRT 2013
Autor:cooperacao
Linha:495
Revisão:149372
Data:Tue May 21 15:03:51 BRT 2013
Autor:cooperacao
Linha:496
Revisão:149372
Data:Tue May 21 15:03:51 BRT 2013
Autor:cooperacao
Linha:497
Revisão:149372
Data:Tue May 21 15:03:51 BRT 2013
Autor:cooperacao
Linha:498
Revisão:149372
Data:Tue May 21 15:03:51 BRT 2013
Autor:cooperacao
Linha:499
Revisão:149372
Data:Tue May 21 15:03:51 BRT 2013
Autor:cooperacao
Linha:500
Revisão:149372
Data:Tue May 21 15:03:51 BRT 2013
Autor:cooperacao
Linha:501
Revisão:149372
Data:Tue May 21 15:03:51 BRT 2013
Autor:cooperacao
Linha:502
Revisão:149372
Data:Tue May 21 15:03:51 BRT 2013
Autor:cooperacao
Linha:503
Revisão:149372
Data:Tue May 21 15:03:51 BRT 2013
Autor:cooperacao
Linha:504
Revisão:149372
Data:Tue May 21 15:03:51 BRT 2013
Autor:cooperacao
Linha:505
Revisão:149372
Data:Tue May 21 15:03:51 BRT 2013
Autor:cooperacao
Linha:506
Revisão:149372
Data:Tue May 21 15:03:51 BRT 2013
Autor:cooperacao
Linha:507
Revisão:149372
Data:Tue May 21 15:03:51 BRT 2013
Autor:cooperacao
Linha:508
Revisão:149372
Data:Tue May 21 15:03:51 BRT 2013
1
No task (-1):2
