# Métodos que tiveram performance otimizada na evolução
17
/branches/producao/SIGAA/geral/br/ufrn/sigaa/pessoa/dominio/TipoRaca.java
1
TipoRaca 38 48
1
Autor:cooperacao
Linha:40
Revisão:141672
Data:Wed Oct 17 09:09:39 BRT 2012
/branches/producao/SIGAA/geral/br/ufrn/sigaa/pessoa/dominio/Discente.java
1
Discente 261 323
4
Autor:cooperacao
Linha:271
Revisão:145314
Data:Tue Feb 05 09:43:20 BRT 2013
Id:9351572
IdTipo:1
Número:106119
TipoDenomicação:CASO DE USO
Autor:cooperacao
Linha:272
Revisão:145314
Data:Tue Feb 05 09:43:20 BRT 2013
Id:9351572
IdTipo:1
Número:106119
TipoDenomicação:CASO DE USO
Autor:cooperacao
Linha:273
Revisão:145314
Data:Tue Feb 05 09:43:20 BRT 2013
Id:9351572
IdTipo:1
Número:106119
TipoDenomicação:CASO DE USO
Autor:cooperacao
Linha:274
Revisão:145314
Data:Tue Feb 05 09:43:20 BRT 2013
Id:9351572
IdTipo:1
Número:106119
TipoDenomicação:CASO DE USO
/branches/producao/Arquitetura/src/br/ufrn/arq/dao/DAOFactory.java
1
getSessionRequest 296 325
4
Autor:cooperacao
Linha:302
Revisão:121468
Data:Wed Nov 09 14:47:13 BRT 2011
Autor:cooperacao
Linha:303
Revisão:121468
Data:Wed Nov 09 14:47:13 BRT 2011
Autor:cooperacao
Linha:332
Revisão:121468
Data:Wed Nov 09 14:47:13 BRT 2011
Autor:cooperacao
Linha:333
Revisão:121468
Data:Wed Nov 09 14:47:13 BRT 2011
/branches/producao/Arquitetura/comum/br/ufrn/comum/dominio/UsuarioGeral.java
1
getPermissao 482 504
9
Autor:cooperacao
Linha:488
Revisão:146607
Data:Thu Mar 14 17:36:26 BRT 2013
Id:7034244
IdTipo:3
Número:83003
TipoDenomicação:APRIMORAMENTO
Autor:cooperacao
Linha:489
Revisão:146607
Data:Thu Mar 14 17:36:26 BRT 2013
Id:7034244
IdTipo:3
Número:83003
TipoDenomicação:APRIMORAMENTO
Autor:cooperacao
Linha:491
Revisão:146607
Data:Thu Mar 14 17:36:26 BRT 2013
Id:7034244
IdTipo:3
Número:83003
TipoDenomicação:APRIMORAMENTO
Autor:cooperacao
Linha:492
Revisão:146607
Data:Thu Mar 14 17:36:26 BRT 2013
Id:7034244
IdTipo:3
Número:83003
TipoDenomicação:APRIMORAMENTO
Autor:cooperacao
Linha:493
Revisão:146607
Data:Thu Mar 14 17:36:26 BRT 2013
Id:7034244
IdTipo:3
Número:83003
TipoDenomicação:APRIMORAMENTO
Autor:cooperacao
Linha:494
Revisão:146607
Data:Thu Mar 14 17:36:26 BRT 2013
Id:7034244
IdTipo:3
Número:83003
TipoDenomicação:APRIMORAMENTO
Autor:cooperacao
Linha:495
Revisão:146607
Data:Thu Mar 14 17:36:26 BRT 2013
Id:7034244
IdTipo:3
Número:83003
TipoDenomicação:APRIMORAMENTO
Autor:cooperacao
Linha:498
Revisão:146607
Data:Thu Mar 14 17:36:26 BRT 2013
Id:7034244
IdTipo:3
Número:83003
TipoDenomicação:APRIMORAMENTO
Autor:cooperacao
Linha:499
Revisão:146607
Data:Thu Mar 14 17:36:26 BRT 2013
Id:7034244
IdTipo:3
Número:83003
TipoDenomicação:APRIMORAMENTO
/branches/producao/Arquitetura/src/br/ufrn/arq/seguranca/log/LogInterceptor.java
1
postFlush 140 182
1
Autor:cooperacao
Linha:150
Revisão:101363
Data:Tue Mar 01 13:43:16 BRT 2011
/branches/producao/SIGAA/geral/br/ufrn/sigaa/dominio/AreaConhecimentoCnpq.java
1
AreaConhecimentoCnpq 122 130
5
Autor:cooperacao
Linha:124
Revisão:130727
Data:Wed Mar 28 18:59:46 BRT 2012
Autor:cooperacao
Linha:126
Revisão:130727
Data:Wed Mar 28 18:59:46 BRT 2012
Autor:cooperacao
Linha:127
Revisão:130727
Data:Wed Mar 28 18:59:46 BRT 2012
Autor:cooperacao
Linha:128
Revisão:130727
Data:Wed Mar 28 18:59:46 BRT 2012
Autor:cooperacao
Linha:130
Revisão:130727
Data:Wed Mar 28 18:59:46 BRT 2012
/branches/producao/Arquitetura/src/br/ufrn/arq/util/ReflectionUtils.java
6
hasAnnotation 137 144
8
Autor:cooperacao
Linha:137
Revisão:146616
Data:Thu Mar 14 17:36:47 BRT 2013
Autor:cooperacao
Linha:138
Revisão:146616
Data:Thu Mar 14 17:36:47 BRT 2013
Autor:cooperacao
Linha:139
Revisão:146616
Data:Thu Mar 14 17:36:47 BRT 2013
Autor:cooperacao
Linha:140
Revisão:146616
Data:Thu Mar 14 17:36:47 BRT 2013
Autor:cooperacao
Linha:141
Revisão:146616
Data:Thu Mar 14 17:36:47 BRT 2013
Autor:cooperacao
Linha:142
Revisão:146616
Data:Thu Mar 14 17:36:47 BRT 2013
Autor:cooperacao
Linha:143
Revisão:146616
Data:Thu Mar 14 17:36:47 BRT 2013
Autor:cooperacao
Linha:144
Revisão:146616
Data:Thu Mar 14 17:36:47 BRT 2013
getFieldByNameOrAnnotation 170 177
23
Autor:cooperacao
Linha:170
Revisão:146616
Data:Thu Mar 14 17:36:47 BRT 2013
Autor:cooperacao
Linha:171
Revisão:146616
Data:Thu Mar 14 17:36:47 BRT 2013
Autor:cooperacao
Linha:172
Revisão:146616
Data:Thu Mar 14 17:36:47 BRT 2013
Autor:cooperacao
Linha:173
Revisão:146616
Data:Thu Mar 14 17:36:47 BRT 2013
Autor:cooperacao
Linha:174
Revisão:146616
Data:Thu Mar 14 17:36:47 BRT 2013
Autor:cooperacao
Linha:175
Revisão:146616
Data:Thu Mar 14 17:36:47 BRT 2013
Autor:cooperacao
Linha:176
Revisão:146616
Data:Thu Mar 14 17:36:47 BRT 2013
Autor:cooperacao
Linha:177
Revisão:146616
Data:Thu Mar 14 17:36:47 BRT 2013
Autor:cooperacao
Linha:188
Revisão:146616
Data:Thu Mar 14 17:36:47 BRT 2013
Autor:cooperacao
Linha:189
Revisão:146616
Data:Thu Mar 14 17:36:47 BRT 2013
Autor:cooperacao
Linha:190
Revisão:146616
Data:Thu Mar 14 17:36:47 BRT 2013
Autor:cooperacao
Linha:191
Revisão:146616
Data:Thu Mar 14 17:36:47 BRT 2013
Autor:cooperacao
Linha:192
Revisão:146616
Data:Thu Mar 14 17:36:47 BRT 2013
Autor:cooperacao
Linha:193
Revisão:146616
Data:Thu Mar 14 17:36:47 BRT 2013
Autor:cooperacao
Linha:194
Revisão:146616
Data:Thu Mar 14 17:36:47 BRT 2013
Autor:cooperacao
Linha:195
Revisão:146616
Data:Thu Mar 14 17:36:47 BRT 2013
Autor:cooperacao
Linha:196
Revisão:146616
Data:Thu Mar 14 17:36:47 BRT 2013
Autor:cooperacao
Linha:197
Revisão:146616
Data:Thu Mar 14 17:36:47 BRT 2013
Autor:cooperacao
Linha:198
Revisão:146616
Data:Thu Mar 14 17:36:47 BRT 2013
Autor:cooperacao
Linha:199
Revisão:146616
Data:Thu Mar 14 17:36:47 BRT 2013
Autor:cooperacao
Linha:200
Revisão:146616
Data:Thu Mar 14 17:36:47 BRT 2013
Autor:cooperacao
Linha:201
Revisão:146616
Data:Thu Mar 14 17:36:47 BRT 2013
Autor:cooperacao
Linha:202
Revisão:146616
Data:Thu Mar 14 17:36:47 BRT 2013
getAnnotation 146 161
16
Autor:cooperacao
Linha:146
Revisão:146616
Data:Thu Mar 14 17:36:47 BRT 2013
Autor:cooperacao
Linha:147
Revisão:146616
Data:Thu Mar 14 17:36:47 BRT 2013
Autor:cooperacao
Linha:148
Revisão:146616
Data:Thu Mar 14 17:36:47 BRT 2013
Autor:cooperacao
Linha:149
Revisão:146616
Data:Thu Mar 14 17:36:47 BRT 2013
Autor:cooperacao
Linha:150
Revisão:146616
Data:Thu Mar 14 17:36:47 BRT 2013
Autor:cooperacao
Linha:151
Revisão:146616
Data:Thu Mar 14 17:36:47 BRT 2013
Autor:cooperacao
Linha:152
Revisão:146616
Data:Thu Mar 14 17:36:47 BRT 2013
Autor:cooperacao
Linha:153
Revisão:146616
Data:Thu Mar 14 17:36:47 BRT 2013
Autor:cooperacao
Linha:154
Revisão:146616
Data:Thu Mar 14 17:36:47 BRT 2013
Autor:cooperacao
Linha:155
Revisão:146616
Data:Thu Mar 14 17:36:47 BRT 2013
Autor:cooperacao
Linha:156
Revisão:146616
Data:Thu Mar 14 17:36:47 BRT 2013
Autor:cooperacao
Linha:157
Revisão:146616
Data:Thu Mar 14 17:36:47 BRT 2013
Autor:cooperacao
Linha:158
Revisão:146616
Data:Thu Mar 14 17:36:47 BRT 2013
Autor:cooperacao
Linha:159
Revisão:146616
Data:Thu Mar 14 17:36:47 BRT 2013
Autor:cooperacao
Linha:160
Revisão:146616
Data:Thu Mar 14 17:36:47 BRT 2013
Autor:cooperacao
Linha:161
Revisão:146616
Data:Thu Mar 14 17:36:47 BRT 2013
instantiateClass 435 440
6
Autor:cooperacao
Linha:435
Revisão:146616
Data:Thu Mar 14 17:36:47 BRT 2013
Autor:cooperacao
Linha:436
Revisão:146616
Data:Thu Mar 14 17:36:47 BRT 2013
Autor:cooperacao
Linha:437
Revisão:146616
Data:Thu Mar 14 17:36:47 BRT 2013
Autor:cooperacao
Linha:438
Revisão:146616
Data:Thu Mar 14 17:36:47 BRT 2013
Autor:cooperacao
Linha:439
Revisão:146616
Data:Thu Mar 14 17:36:47 BRT 2013
Autor:cooperacao
Linha:440
Revisão:146616
Data:Thu Mar 14 17:36:47 BRT 2013
evalProperty 520 553
34
Autor:cooperacao
Linha:520
Revisão:146616
Data:Thu Mar 14 17:36:47 BRT 2013
Autor:cooperacao
Linha:521
Revisão:146616
Data:Thu Mar 14 17:36:47 BRT 2013
Autor:cooperacao
Linha:522
Revisão:146616
Data:Thu Mar 14 17:36:47 BRT 2013
Autor:cooperacao
Linha:523
Revisão:146616
Data:Thu Mar 14 17:36:47 BRT 2013
Autor:cooperacao
Linha:524
Revisão:146616
Data:Thu Mar 14 17:36:47 BRT 2013
Autor:cooperacao
Linha:525
Revisão:146616
Data:Thu Mar 14 17:36:47 BRT 2013
Autor:cooperacao
Linha:526
Revisão:146616
Data:Thu Mar 14 17:36:47 BRT 2013
Autor:cooperacao
Linha:527
Revisão:146616
Data:Thu Mar 14 17:36:47 BRT 2013
Autor:cooperacao
Linha:528
Revisão:146616
Data:Thu Mar 14 17:36:47 BRT 2013
Autor:cooperacao
Linha:529
Revisão:146616
Data:Thu Mar 14 17:36:47 BRT 2013
Autor:cooperacao
Linha:530
Revisão:146616
Data:Thu Mar 14 17:36:47 BRT 2013
Autor:cooperacao
Linha:531
Revisão:146616
Data:Thu Mar 14 17:36:47 BRT 2013
Autor:cooperacao
Linha:532
Revisão:146616
Data:Thu Mar 14 17:36:47 BRT 2013
Autor:cooperacao
Linha:533
Revisão:146616
Data:Thu Mar 14 17:36:47 BRT 2013
Autor:cooperacao
Linha:534
Revisão:146616
Data:Thu Mar 14 17:36:47 BRT 2013
Autor:cooperacao
Linha:535
Revisão:146616
Data:Thu Mar 14 17:36:47 BRT 2013
Autor:cooperacao
Linha:536
Revisão:146616
Data:Thu Mar 14 17:36:47 BRT 2013
Autor:cooperacao
Linha:537
Revisão:146616
Data:Thu Mar 14 17:36:47 BRT 2013
Autor:cooperacao
Linha:538
Revisão:146616
Data:Thu Mar 14 17:36:47 BRT 2013
Autor:cooperacao
Linha:539
Revisão:146616
Data:Thu Mar 14 17:36:47 BRT 2013
Autor:cooperacao
Linha:540
Revisão:146616
Data:Thu Mar 14 17:36:47 BRT 2013
Autor:cooperacao
Linha:541
Revisão:146616
Data:Thu Mar 14 17:36:47 BRT 2013
Autor:cooperacao
Linha:542
Revisão:146616
Data:Thu Mar 14 17:36:47 BRT 2013
Autor:cooperacao
Linha:543
Revisão:146616
Data:Thu Mar 14 17:36:47 BRT 2013
Autor:cooperacao
Linha:544
Revisão:146616
Data:Thu Mar 14 17:36:47 BRT 2013
Autor:cooperacao
Linha:545
Revisão:146616
Data:Thu Mar 14 17:36:47 BRT 2013
Autor:cooperacao
Linha:546
Revisão:146616
Data:Thu Mar 14 17:36:47 BRT 2013
Autor:cooperacao
Linha:547
Revisão:146616
Data:Thu Mar 14 17:36:47 BRT 2013
Autor:cooperacao
Linha:548
Revisão:146616
Data:Thu Mar 14 17:36:47 BRT 2013
Autor:cooperacao
Linha:549
Revisão:146616
Data:Thu Mar 14 17:36:47 BRT 2013
Autor:cooperacao
Linha:550
Revisão:146616
Data:Thu Mar 14 17:36:47 BRT 2013
Autor:cooperacao
Linha:551
Revisão:146616
Data:Thu Mar 14 17:36:47 BRT 2013
Autor:cooperacao
Linha:552
Revisão:146616
Data:Thu Mar 14 17:36:47 BRT 2013
Autor:cooperacao
Linha:553
Revisão:146616
Data:Thu Mar 14 17:36:47 BRT 2013
findFieldsWithAnnotation 94 113
20
Autor:cooperacao
Linha:94
Revisão:146616
Data:Thu Mar 14 17:36:47 BRT 2013
Autor:cooperacao
Linha:95
Revisão:146616
Data:Thu Mar 14 17:36:47 BRT 2013
Autor:cooperacao
Linha:96
Revisão:146616
Data:Thu Mar 14 17:36:47 BRT 2013
Autor:cooperacao
Linha:97
Revisão:146616
Data:Thu Mar 14 17:36:47 BRT 2013
Autor:cooperacao
Linha:98
Revisão:146616
Data:Thu Mar 14 17:36:47 BRT 2013
Autor:cooperacao
Linha:99
Revisão:146616
Data:Thu Mar 14 17:36:47 BRT 2013
Autor:cooperacao
Linha:100
Revisão:146616
Data:Thu Mar 14 17:36:47 BRT 2013
Autor:cooperacao
Linha:101
Revisão:146616
Data:Thu Mar 14 17:36:47 BRT 2013
Autor:cooperacao
Linha:102
Revisão:146616
Data:Thu Mar 14 17:36:47 BRT 2013
Autor:cooperacao
Linha:103
Revisão:146616
Data:Thu Mar 14 17:36:47 BRT 2013
Autor:cooperacao
Linha:104
Revisão:146616
Data:Thu Mar 14 17:36:47 BRT 2013
Autor:cooperacao
Linha:105
Revisão:146616
Data:Thu Mar 14 17:36:47 BRT 2013
Autor:cooperacao
Linha:106
Revisão:146616
Data:Thu Mar 14 17:36:47 BRT 2013
Autor:cooperacao
Linha:107
Revisão:146616
Data:Thu Mar 14 17:36:47 BRT 2013
Autor:cooperacao
Linha:108
Revisão:146616
Data:Thu Mar 14 17:36:47 BRT 2013
Autor:cooperacao
Linha:109
Revisão:146616
Data:Thu Mar 14 17:36:47 BRT 2013
Autor:cooperacao
Linha:110
Revisão:146616
Data:Thu Mar 14 17:36:47 BRT 2013
Autor:cooperacao
Linha:111
Revisão:146616
Data:Thu Mar 14 17:36:47 BRT 2013
Autor:cooperacao
Linha:112
Revisão:146616
Data:Thu Mar 14 17:36:47 BRT 2013
Autor:cooperacao
Linha:113
Revisão:146616
Data:Thu Mar 14 17:36:47 BRT 2013
/branches/producao/Arquitetura/src/br/ufrn/arq/util/UFRNUtils.java
2
checkRole 1336 1346
43
Autor:cooperacao
Linha:1336
Revisão:154817
Data:Mon Oct 07 14:33:27 BRT 2013
Autor:cooperacao
Linha:1337
Revisão:154817
Data:Mon Oct 07 14:33:27 BRT 2013
Autor:cooperacao
Linha:1338
Revisão:154817
Data:Mon Oct 07 14:33:27 BRT 2013
Autor:cooperacao
Linha:1339
Revisão:154817
Data:Mon Oct 07 14:33:27 BRT 2013
Autor:cooperacao
Linha:1340
Revisão:154817
Data:Mon Oct 07 14:33:27 BRT 2013
Autor:cooperacao
Linha:1341
Revisão:154817
Data:Mon Oct 07 14:33:27 BRT 2013
Autor:cooperacao
Linha:1342
Revisão:154817
Data:Mon Oct 07 14:33:27 BRT 2013
Autor:cooperacao
Linha:1343
Revisão:154817
Data:Mon Oct 07 14:33:27 BRT 2013
Autor:cooperacao
Linha:1344
Revisão:154817
Data:Mon Oct 07 14:33:27 BRT 2013
Autor:cooperacao
Linha:1345
Revisão:154817
Data:Mon Oct 07 14:33:27 BRT 2013
Autor:cooperacao
Linha:1346
Revisão:154817
Data:Mon Oct 07 14:33:27 BRT 2013
Autor:cooperacao
Linha:1348
Revisão:154817
Data:Mon Oct 07 14:33:27 BRT 2013
Autor:cooperacao
Linha:1349
Revisão:154817
Data:Mon Oct 07 14:33:27 BRT 2013
Autor:cooperacao
Linha:1350
Revisão:154817
Data:Mon Oct 07 14:33:27 BRT 2013
Autor:cooperacao
Linha:1351
Revisão:154817
Data:Mon Oct 07 14:33:27 BRT 2013
Autor:cooperacao
Linha:1352
Revisão:154817
Data:Mon Oct 07 14:33:27 BRT 2013
Autor:cooperacao
Linha:1353
Revisão:154817
Data:Mon Oct 07 14:33:27 BRT 2013
Autor:cooperacao
Linha:1354
Revisão:154817
Data:Mon Oct 07 14:33:27 BRT 2013
Autor:cooperacao
Linha:1355
Revisão:154817
Data:Mon Oct 07 14:33:27 BRT 2013
Autor:cooperacao
Linha:1356
Revisão:154817
Data:Mon Oct 07 14:33:27 BRT 2013
Autor:cooperacao
Linha:1357
Revisão:154817
Data:Mon Oct 07 14:33:27 BRT 2013
Autor:cooperacao
Linha:1358
Revisão:154817
Data:Mon Oct 07 14:33:27 BRT 2013
Autor:cooperacao
Linha:1359
Revisão:154817
Data:Mon Oct 07 14:33:27 BRT 2013
Autor:cooperacao
Linha:1360
Revisão:154817
Data:Mon Oct 07 14:33:27 BRT 2013
Autor:cooperacao
Linha:1361
Revisão:154817
Data:Mon Oct 07 14:33:27 BRT 2013
Autor:cooperacao
Linha:1362
Revisão:154817
Data:Mon Oct 07 14:33:27 BRT 2013
Autor:cooperacao
Linha:1363
Revisão:154817
Data:Mon Oct 07 14:33:27 BRT 2013
Autor:cooperacao
Linha:1364
Revisão:154817
Data:Mon Oct 07 14:33:27 BRT 2013
Autor:cooperacao
Linha:1365
Revisão:154817
Data:Mon Oct 07 14:33:27 BRT 2013
Autor:cooperacao
Linha:1366
Revisão:154817
Data:Mon Oct 07 14:33:27 BRT 2013
Autor:cooperacao
Linha:1367
Revisão:154817
Data:Mon Oct 07 14:33:27 BRT 2013
Autor:cooperacao
Linha:1368
Revisão:154817
Data:Mon Oct 07 14:33:27 BRT 2013
Autor:cooperacao
Linha:1369
Revisão:154817
Data:Mon Oct 07 14:33:27 BRT 2013
Autor:cooperacao
Linha:1370
Revisão:154817
Data:Mon Oct 07 14:33:27 BRT 2013
Autor:cooperacao
Linha:1371
Revisão:154817
Data:Mon Oct 07 14:33:27 BRT 2013
Autor:cooperacao
Linha:1372
Revisão:154817
Data:Mon Oct 07 14:33:27 BRT 2013
Autor:cooperacao
Linha:1373
Revisão:154817
Data:Mon Oct 07 14:33:27 BRT 2013
Autor:cooperacao
Linha:1374
Revisão:154817
Data:Mon Oct 07 14:33:27 BRT 2013
Autor:cooperacao
Linha:1375
Revisão:154817
Data:Mon Oct 07 14:33:27 BRT 2013
Autor:cooperacao
Linha:1376
Revisão:154817
Data:Mon Oct 07 14:33:27 BRT 2013
Autor:cooperacao
Linha:1377
Revisão:154817
Data:Mon Oct 07 14:33:27 BRT 2013
Autor:cooperacao
Linha:1378
Revisão:154817
Data:Mon Oct 07 14:33:27 BRT 2013
Autor:cooperacao
Linha:1379
Revisão:154817
Data:Mon Oct 07 14:33:27 BRT 2013
getMensagem 1517 1531
15
Autor:cooperacao
Linha:1517
Revisão:154817
Data:Mon Oct 07 14:33:27 BRT 2013
Autor:cooperacao
Linha:1518
Revisão:154817
Data:Mon Oct 07 14:33:27 BRT 2013
Autor:cooperacao
Linha:1519
Revisão:154817
Data:Mon Oct 07 14:33:27 BRT 2013
Autor:cooperacao
Linha:1520
Revisão:154817
Data:Mon Oct 07 14:33:27 BRT 2013
Autor:cooperacao
Linha:1521
Revisão:154817
Data:Mon Oct 07 14:33:27 BRT 2013
Autor:cooperacao
Linha:1522
Revisão:154817
Data:Mon Oct 07 14:33:27 BRT 2013
Autor:cooperacao
Linha:1523
Revisão:154817
Data:Mon Oct 07 14:33:27 BRT 2013
Autor:cooperacao
Linha:1524
Revisão:154817
Data:Mon Oct 07 14:33:27 BRT 2013
Autor:cooperacao
Linha:1525
Revisão:154817
Data:Mon Oct 07 14:33:27 BRT 2013
Autor:cooperacao
Linha:1526
Revisão:154817
Data:Mon Oct 07 14:33:27 BRT 2013
Autor:cooperacao
Linha:1527
Revisão:154817
Data:Mon Oct 07 14:33:27 BRT 2013
Autor:cooperacao
Linha:1528
Revisão:154817
Data:Mon Oct 07 14:33:27 BRT 2013
Autor:cooperacao
Linha:1529
Revisão:154817
Data:Mon Oct 07 14:33:27 BRT 2013
Autor:cooperacao
Linha:1530
Revisão:154817
Data:Mon Oct 07 14:33:27 BRT 2013
Autor:cooperacao
Linha:1531
Revisão:154817
Data:Mon Oct 07 14:33:27 BRT 2013
/branches/producao/Arquitetura/src/br/ufrn/arq/erros/NegocioException.java
1
addErro 97 100
4
Autor:cooperacao
Linha:97
Revisão:95086
Data:Wed Nov 24 09:01:46 BRT 2010
Autor:cooperacao
Linha:98
Revisão:95086
Data:Wed Nov 24 09:01:46 BRT 2010
Autor:cooperacao
Linha:99
Revisão:95086
Data:Wed Nov 24 09:01:46 BRT 2010
Autor:cooperacao
Linha:100
Revisão:95086
Data:Wed Nov 24 09:01:46 BRT 2010
/branches/producao/SIGAA/biblioteca/br/ufrn/sigaa/biblioteca/processos_tecnicos/pesquisa/negocio/RegistraEstatisticasBiblioteca.java
2
registrarTitulosConsultados 67 87
21
Autor:cooperacao
Linha:67
Revisão:147438
Data:Tue Apr 02 18:32:54 BRT 2013
Id:9961001
IdTipo:44
Número:110813
TipoDenomicação:ERRO REQ. NÃO FUNCIONAL
Autor:cooperacao
Linha:68
Revisão:147438
Data:Tue Apr 02 18:32:54 BRT 2013
Id:9961001
IdTipo:44
Número:110813
TipoDenomicação:ERRO REQ. NÃO FUNCIONAL
Autor:cooperacao
Linha:69
Revisão:147438
Data:Tue Apr 02 18:32:54 BRT 2013
Id:9961001
IdTipo:44
Número:110813
TipoDenomicação:ERRO REQ. NÃO FUNCIONAL
Autor:cooperacao
Linha:70
Revisão:147438
Data:Tue Apr 02 18:32:54 BRT 2013
Id:9961001
IdTipo:44
Número:110813
TipoDenomicação:ERRO REQ. NÃO FUNCIONAL
Autor:cooperacao
Linha:71
Revisão:147438
Data:Tue Apr 02 18:32:54 BRT 2013
Id:9961001
IdTipo:44
Número:110813
TipoDenomicação:ERRO REQ. NÃO FUNCIONAL
Autor:cooperacao
Linha:72
Revisão:147438
Data:Tue Apr 02 18:32:54 BRT 2013
Id:9961001
IdTipo:44
Número:110813
TipoDenomicação:ERRO REQ. NÃO FUNCIONAL
Autor:cooperacao
Linha:73
Revisão:147438
Data:Tue Apr 02 18:32:54 BRT 2013
Id:9961001
IdTipo:44
Número:110813
TipoDenomicação:ERRO REQ. NÃO FUNCIONAL
Autor:cooperacao
Linha:74
Revisão:147438
Data:Tue Apr 02 18:32:54 BRT 2013
Id:9961001
IdTipo:44
Número:110813
TipoDenomicação:ERRO REQ. NÃO FUNCIONAL
Autor:cooperacao
Linha:75
Revisão:147438
Data:Tue Apr 02 18:32:54 BRT 2013
Id:9961001
IdTipo:44
Número:110813
TipoDenomicação:ERRO REQ. NÃO FUNCIONAL
Autor:cooperacao
Linha:76
Revisão:147438
Data:Tue Apr 02 18:32:54 BRT 2013
Id:9961001
IdTipo:44
Número:110813
TipoDenomicação:ERRO REQ. NÃO FUNCIONAL
Autor:cooperacao
Linha:77
Revisão:147438
Data:Tue Apr 02 18:32:54 BRT 2013
Id:9961001
IdTipo:44
Número:110813
TipoDenomicação:ERRO REQ. NÃO FUNCIONAL
Autor:cooperacao
Linha:78
Revisão:147438
Data:Tue Apr 02 18:32:54 BRT 2013
Id:9961001
IdTipo:44
Número:110813
TipoDenomicação:ERRO REQ. NÃO FUNCIONAL
Autor:cooperacao
Linha:79
Revisão:147438
Data:Tue Apr 02 18:32:54 BRT 2013
Id:9961001
IdTipo:44
Número:110813
TipoDenomicação:ERRO REQ. NÃO FUNCIONAL
Autor:cooperacao
Linha:80
Revisão:147438
Data:Tue Apr 02 18:32:54 BRT 2013
Id:9961001
IdTipo:44
Número:110813
TipoDenomicação:ERRO REQ. NÃO FUNCIONAL
Autor:cooperacao
Linha:81
Revisão:147438
Data:Tue Apr 02 18:32:54 BRT 2013
Id:9961001
IdTipo:44
Número:110813
TipoDenomicação:ERRO REQ. NÃO FUNCIONAL
Autor:cooperacao
Linha:82
Revisão:147438
Data:Tue Apr 02 18:32:54 BRT 2013
Id:9961001
IdTipo:44
Número:110813
TipoDenomicação:ERRO REQ. NÃO FUNCIONAL
Autor:cooperacao
Linha:83
Revisão:147438
Data:Tue Apr 02 18:32:54 BRT 2013
Id:9961001
IdTipo:44
Número:110813
TipoDenomicação:ERRO REQ. NÃO FUNCIONAL
Autor:cooperacao
Linha:84
Revisão:147438
Data:Tue Apr 02 18:32:54 BRT 2013
Id:9961001
IdTipo:44
Número:110813
TipoDenomicação:ERRO REQ. NÃO FUNCIONAL
Autor:cooperacao
Linha:85
Revisão:147438
Data:Tue Apr 02 18:32:54 BRT 2013
Id:9961001
IdTipo:44
Número:110813
TipoDenomicação:ERRO REQ. NÃO FUNCIONAL
Autor:cooperacao
Linha:86
Revisão:147438
Data:Tue Apr 02 18:32:54 BRT 2013
Id:9961001
IdTipo:44
Número:110813
TipoDenomicação:ERRO REQ. NÃO FUNCIONAL
Autor:cooperacao
Linha:87
Revisão:147438
Data:Tue Apr 02 18:32:54 BRT 2013
Id:9961001
IdTipo:44
Número:110813
TipoDenomicação:ERRO REQ. NÃO FUNCIONAL
getInstance 55 64
10
Autor:cooperacao
Linha:55
Revisão:147438
Data:Tue Apr 02 18:32:54 BRT 2013
Id:9961001
IdTipo:44
Número:110813
TipoDenomicação:ERRO REQ. NÃO FUNCIONAL
Autor:cooperacao
Linha:56
Revisão:147438
Data:Tue Apr 02 18:32:54 BRT 2013
Id:9961001
IdTipo:44
Número:110813
TipoDenomicação:ERRO REQ. NÃO FUNCIONAL
Autor:cooperacao
Linha:57
Revisão:147438
Data:Tue Apr 02 18:32:54 BRT 2013
Id:9961001
IdTipo:44
Número:110813
TipoDenomicação:ERRO REQ. NÃO FUNCIONAL
Autor:cooperacao
Linha:58
Revisão:147438
Data:Tue Apr 02 18:32:54 BRT 2013
Id:9961001
IdTipo:44
Número:110813
TipoDenomicação:ERRO REQ. NÃO FUNCIONAL
Autor:cooperacao
Linha:59
Revisão:147438
Data:Tue Apr 02 18:32:54 BRT 2013
Id:9961001
IdTipo:44
Número:110813
TipoDenomicação:ERRO REQ. NÃO FUNCIONAL
Autor:cooperacao
Linha:60
Revisão:147438
Data:Tue Apr 02 18:32:54 BRT 2013
Id:9961001
IdTipo:44
Número:110813
TipoDenomicação:ERRO REQ. NÃO FUNCIONAL
Autor:cooperacao
Linha:61
Revisão:147438
Data:Tue Apr 02 18:32:54 BRT 2013
Id:9961001
IdTipo:44
Número:110813
TipoDenomicação:ERRO REQ. NÃO FUNCIONAL
Autor:cooperacao
Linha:62
Revisão:147438
Data:Tue Apr 02 18:32:54 BRT 2013
Id:9961001
IdTipo:44
Número:110813
TipoDenomicação:ERRO REQ. NÃO FUNCIONAL
Autor:cooperacao
Linha:63
Revisão:147438
Data:Tue Apr 02 18:32:54 BRT 2013
Id:9961001
IdTipo:44
Número:110813
TipoDenomicação:ERRO REQ. NÃO FUNCIONAL
Autor:cooperacao
Linha:64
Revisão:147438
Data:Tue Apr 02 18:32:54 BRT 2013
Id:9961001
IdTipo:44
Número:110813
TipoDenomicação:ERRO REQ. NÃO FUNCIONAL
/branches/producao/SIGAA/geral/br/ufrn/sigaa/dominio/Curso.java
1
setNome 380 387
3
Autor:cooperacao
Linha:380
Revisão:154040
Data:Wed Sep 18 16:58:04 BRT 2013
Autor:cooperacao
Linha:381
Revisão:154040
Data:Wed Sep 18 16:58:04 BRT 2013
Autor:cooperacao
Linha:382
Revisão:154040
Data:Wed Sep 18 16:58:04 BRT 2013
/branches/producao/SIGAA/biblioteca/br/ufrn/sigaa/biblioteca/processos_tecnicos/pesquisa/dominio/CampoPesquisaAvancada.java
3
getParametrosPesquisaGerada 681 705
1
Autor:cooperacao
Linha:697
Revisão:146905
Data:Mon Mar 18 17:50:34 BRT 2013
CampoPesquisaAvancada 213 226
3
Autor:cooperacao
Linha:213
Revisão:146905
Data:Mon Mar 18 17:50:34 BRT 2013
Autor:cooperacao
Linha:219
Revisão:146905
Data:Mon Mar 18 17:50:34 BRT 2013
Autor:cooperacao
Linha:224
Revisão:146905
Data:Mon Mar 18 17:50:34 BRT 2013
isCampoBuscaInformacoesMateriais 265 277
1
Autor:cooperacao
Linha:272
Revisão:146905
Data:Mon Mar 18 17:50:34 BRT 2013
/branches/producao/Arquitetura/src/br/ufrn/arq/seguranca/autenticacao/ProcessadorGeracaoEmissao.java
1
criaRegistro 81 101
21
Autor:cooperacao
Linha:81
Revisão:95086
Data:Wed Nov 24 09:01:46 BRT 2010
Autor:cooperacao
Linha:82
Revisão:95086
Data:Wed Nov 24 09:01:46 BRT 2010
Autor:cooperacao
Linha:83
Revisão:95086
Data:Wed Nov 24 09:01:46 BRT 2010
Autor:cooperacao
Linha:84
Revisão:95086
Data:Wed Nov 24 09:01:46 BRT 2010
Autor:cooperacao
Linha:85
Revisão:95086
Data:Wed Nov 24 09:01:46 BRT 2010
Autor:cooperacao
Linha:86
Revisão:95086
Data:Wed Nov 24 09:01:46 BRT 2010
Autor:cooperacao
Linha:87
Revisão:95086
Data:Wed Nov 24 09:01:46 BRT 2010
Autor:cooperacao
Linha:88
Revisão:95086
Data:Wed Nov 24 09:01:46 BRT 2010
Autor:cooperacao
Linha:89
Revisão:95086
Data:Wed Nov 24 09:01:46 BRT 2010
Autor:cooperacao
Linha:90
Revisão:95086
Data:Wed Nov 24 09:01:46 BRT 2010
Autor:cooperacao
Linha:91
Revisão:95086
Data:Wed Nov 24 09:01:46 BRT 2010
Autor:cooperacao
Linha:92
Revisão:95086
Data:Wed Nov 24 09:01:46 BRT 2010
Autor:cooperacao
Linha:93
Revisão:95086
Data:Wed Nov 24 09:01:46 BRT 2010
Autor:cooperacao
Linha:94
Revisão:95086
Data:Wed Nov 24 09:01:46 BRT 2010
Autor:cooperacao
Linha:95
Revisão:95086
Data:Wed Nov 24 09:01:46 BRT 2010
Autor:cooperacao
Linha:96
Revisão:95086
Data:Wed Nov 24 09:01:46 BRT 2010
Autor:cooperacao
Linha:97
Revisão:95086
Data:Wed Nov 24 09:01:46 BRT 2010
Autor:cooperacao
Linha:98
Revisão:95086
Data:Wed Nov 24 09:01:46 BRT 2010
Autor:cooperacao
Linha:99
Revisão:95086
Data:Wed Nov 24 09:01:46 BRT 2010
Autor:cooperacao
Linha:100
Revisão:95086
Data:Wed Nov 24 09:01:46 BRT 2010
Autor:cooperacao
Linha:101
Revisão:95086
Data:Wed Nov 24 09:01:46 BRT 2010
/branches/producao/Arquitetura/src/br/ufrn/arq/seguranca/log/LogProcessorDelegate.java
1
writeDatabaseLog 156 195
1
Autor:cooperacao
Linha:176
Revisão:112934
Data:Fri Jul 15 18:05:33 BRT 2011
Id:5753003
IdTipo:102
Número:67076
TipoDenomicação:ERRO DE NEGÓCIO/VALIDAÇÃO
/branches/producao/Arquitetura/src/br/ufrn/arq/dao/Database.java
1
getConnection 243 251
34
Autor:cooperacao
Linha:251
Revisão:121468
Data:Wed Nov 09 14:47:13 BRT 2011
Autor:cooperacao
Linha:253
Revisão:121468
Data:Wed Nov 09 14:47:13 BRT 2011
Autor:cooperacao
Linha:254
Revisão:121468
Data:Wed Nov 09 14:47:13 BRT 2011
Autor:cooperacao
Linha:255
Revisão:121468
Data:Wed Nov 09 14:47:13 BRT 2011
Autor:cooperacao
Linha:256
Revisão:121468
Data:Wed Nov 09 14:47:13 BRT 2011
Autor:cooperacao
Linha:257
Revisão:121468
Data:Wed Nov 09 14:47:13 BRT 2011
Autor:cooperacao
Linha:258
Revisão:121468
Data:Wed Nov 09 14:47:13 BRT 2011
Autor:cooperacao
Linha:259
Revisão:121468
Data:Wed Nov 09 14:47:13 BRT 2011
Autor:cooperacao
Linha:260
Revisão:121468
Data:Wed Nov 09 14:47:13 BRT 2011
Autor:cooperacao
Linha:261
Revisão:121468
Data:Wed Nov 09 14:47:13 BRT 2011
Autor:cooperacao
Linha:262
Revisão:121468
Data:Wed Nov 09 14:47:13 BRT 2011
Autor:cooperacao
Linha:263
Revisão:121468
Data:Wed Nov 09 14:47:13 BRT 2011
Autor:cooperacao
Linha:264
Revisão:121468
Data:Wed Nov 09 14:47:13 BRT 2011
Autor:cooperacao
Linha:265
Revisão:121468
Data:Wed Nov 09 14:47:13 BRT 2011
Autor:cooperacao
Linha:266
Revisão:121468
Data:Wed Nov 09 14:47:13 BRT 2011
Autor:cooperacao
Linha:267
Revisão:121468
Data:Wed Nov 09 14:47:13 BRT 2011
Autor:cooperacao
Linha:268
Revisão:121468
Data:Wed Nov 09 14:47:13 BRT 2011
Autor:cooperacao
Linha:269
Revisão:121468
Data:Wed Nov 09 14:47:13 BRT 2011
Autor:cooperacao
Linha:270
Revisão:121468
Data:Wed Nov 09 14:47:13 BRT 2011
Autor:cooperacao
Linha:271
Revisão:121468
Data:Wed Nov 09 14:47:13 BRT 2011
Autor:cooperacao
Linha:272
Revisão:121468
Data:Wed Nov 09 14:47:13 BRT 2011
Autor:cooperacao
Linha:273
Revisão:121468
Data:Wed Nov 09 14:47:13 BRT 2011
Autor:cooperacao
Linha:274
Revisão:121468
Data:Wed Nov 09 14:47:13 BRT 2011
Autor:cooperacao
Linha:275
Revisão:121468
Data:Wed Nov 09 14:47:13 BRT 2011
Autor:cooperacao
Linha:276
Revisão:121468
Data:Wed Nov 09 14:47:13 BRT 2011
Autor:cooperacao
Linha:277
Revisão:121468
Data:Wed Nov 09 14:47:13 BRT 2011
Autor:cooperacao
Linha:278
Revisão:121468
Data:Wed Nov 09 14:47:13 BRT 2011
Autor:cooperacao
Linha:279
Revisão:121468
Data:Wed Nov 09 14:47:13 BRT 2011
Autor:cooperacao
Linha:280
Revisão:121468
Data:Wed Nov 09 14:47:13 BRT 2011
Autor:cooperacao
Linha:282
Revisão:121468
Data:Wed Nov 09 14:47:13 BRT 2011
Autor:cooperacao
Linha:283
Revisão:121468
Data:Wed Nov 09 14:47:13 BRT 2011
Autor:cooperacao
Linha:284
Revisão:121468
Data:Wed Nov 09 14:47:13 BRT 2011
Autor:cooperacao
Linha:285
Revisão:121468
Data:Wed Nov 09 14:47:13 BRT 2011
Autor:cooperacao
Linha:286
Revisão:121468
Data:Wed Nov 09 14:47:13 BRT 2011
/branches/producao/SIGAA/biblioteca/br/ufrn/sigaa/biblioteca/circulacao/dominio/Emprestimo.java
1
hashCode 333 336
3
Autor:cooperacao
Linha:334
Revisão:149372
Data:Tue May 21 15:03:51 BRT 2013
Autor:cooperacao
Linha:335
Revisão:149372
Data:Tue May 21 15:03:51 BRT 2013
Autor:cooperacao
Linha:336
Revisão:149372
Data:Tue May 21 15:03:51 BRT 2013
/branches/producao/Arquitetura/comum/br/ufrn/comum/dao/MensagemAvisoDao.java
2
mapRow 40 51
12
Autor:cooperacao
Linha:40
Revisão:95086
Data:Wed Nov 24 09:01:46 BRT 2010
Autor:cooperacao
Linha:41
Revisão:95086
Data:Wed Nov 24 09:01:46 BRT 2010
Autor:cooperacao
Linha:42
Revisão:95086
Data:Wed Nov 24 09:01:46 BRT 2010
Autor:cooperacao
Linha:43
Revisão:95086
Data:Wed Nov 24 09:01:46 BRT 2010
Autor:cooperacao
Linha:44
Revisão:95086
Data:Wed Nov 24 09:01:46 BRT 2010
Autor:cooperacao
Linha:45
Revisão:95086
Data:Wed Nov 24 09:01:46 BRT 2010
Autor:cooperacao
Linha:46
Revisão:95086
Data:Wed Nov 24 09:01:46 BRT 2010
Autor:cooperacao
Linha:47
Revisão:95086
Data:Wed Nov 24 09:01:46 BRT 2010
Autor:cooperacao
Linha:48
Revisão:95086
Data:Wed Nov 24 09:01:46 BRT 2010
Autor:cooperacao
Linha:49
Revisão:95086
Data:Wed Nov 24 09:01:46 BRT 2010
Autor:cooperacao
Linha:50
Revisão:95086
Data:Wed Nov 24 09:01:46 BRT 2010
Autor:cooperacao
Linha:51
Revisão:95086
Data:Wed Nov 24 09:01:46 BRT 2010
findByCodigo 69 81
13
Autor:cooperacao
Linha:69
Revisão:95086
Data:Wed Nov 24 09:01:46 BRT 2010
Autor:cooperacao
Linha:70
Revisão:95086
Data:Wed Nov 24 09:01:46 BRT 2010
Autor:cooperacao
Linha:71
Revisão:95086
Data:Wed Nov 24 09:01:46 BRT 2010
Autor:cooperacao
Linha:72
Revisão:95086
Data:Wed Nov 24 09:01:46 BRT 2010
Autor:cooperacao
Linha:73
Revisão:95086
Data:Wed Nov 24 09:01:46 BRT 2010
Autor:cooperacao
Linha:74
Revisão:95086
Data:Wed Nov 24 09:01:46 BRT 2010
Autor:cooperacao
Linha:75
Revisão:95086
Data:Wed Nov 24 09:01:46 BRT 2010
Autor:cooperacao
Linha:76
Revisão:95086
Data:Wed Nov 24 09:01:46 BRT 2010
Autor:cooperacao
Linha:77
Revisão:95086
Data:Wed Nov 24 09:01:46 BRT 2010
Autor:cooperacao
Linha:78
Revisão:95086
Data:Wed Nov 24 09:01:46 BRT 2010
Autor:cooperacao
Linha:79
Revisão:95086
Data:Wed Nov 24 09:01:46 BRT 2010
Autor:cooperacao
Linha:80
Revisão:95086
Data:Wed Nov 24 09:01:46 BRT 2010
Autor:cooperacao
Linha:81
Revisão:95086
Data:Wed Nov 24 09:01:46 BRT 2010
9
SUGESTÃO:1
CASO DE USO:1
ERRO DE NEGÓCIO/VALIDAÇÃO:2
No task (-1):23
ERRO REQ. NÃO FUNCIONAL:2
ERRO DE EXECUÇÃO:1
ALTERAÇÃO DE REGRA DE NEGÓCIO:1
APRIMORAMENTO:8
ERRO DE PADRON. DE VISUALIZAÇÃO:1
